#
# There is insufficient memory for the Java Runtime Environment to continue.
# Native memory allocation (malloc) failed to allocate 32744 bytes for ChunkPool::allocate
# Possible reasons:
#   The system is out of physical RAM or swap space
#   In 32 bit mode, the process size limit was hit
# Possible solutions:
#   Reduce memory load on the system
#   Increase physical memory or swap space
#   Check if swap backing store is full
#   Use 64 bit Java on a 64 bit OS
#   Decrease Java heap size (-Xmx/-Xms)
#   Decrease number of Java threads
#   Decrease Java thread stack sizes (-Xss)
#   Set larger code cache with -XX:ReservedCodeCacheSize=
# This output file may be truncated or incomplete.
#
#  Out of Memory Error (allocation.cpp:273), pid=7304, tid=7268
#
# JRE version: Java(TM) SE Runtime Environment (8.0_31-b13) (build 1.8.0_31-b13)
# Java VM: Java HotSpot(TM) 64-Bit Server VM (25.31-b07 mixed mode windows-amd64 compressed oops)
# Failed to write core dump. Minidumps are not enabled by default on client versions of Windows
#

---------------  T H R E A D  ---------------

Current thread (0x0000000054da8800):  JavaThread "C2 CompilerThread0" daemon [_thread_in_native, id=7268, stack(0x0000000055f70000,0x0000000056070000)]

Stack: [0x0000000055f70000,0x0000000056070000]
Native frames: (J=compiled Java code, j=interpreted, Vv=VM code, C=native code)
V  [jvm.dll+0x3169ba]


Current CompileTask:
C2:  18179 1813   !   4       com.android.dx.cf.cst.ConstantPoolParser::parse0 (731 bytes)


---------------  P R O C E S S  ---------------

Java Threads: ( => current thread )
  0x0000000056070800 JavaThread "Service Thread" daemon [_thread_blocked, id=5520, stack(0x0000000056570000,0x0000000056670000)]
  0x0000000054dac800 JavaThread "C1 CompilerThread1" daemon [_thread_blocked, id=5600, stack(0x0000000055e70000,0x0000000055f70000)]
=>0x0000000054da8800 JavaThread "C2 CompilerThread0" daemon [_thread_in_native, id=7268, stack(0x0000000055f70000,0x0000000056070000)]
  0x0000000054da7000 JavaThread "Attach Listener" daemon [_thread_blocked, id=5356, stack(0x00000000558d0000,0x00000000559d0000)]
  0x0000000054da6000 JavaThread "Signal Dispatcher" daemon [_thread_blocked, id=7376, stack(0x0000000055d30000,0x0000000055e30000)]
  0x0000000054d43000 JavaThread "Finalizer" daemon [_thread_blocked, id=2808, stack(0x0000000055bf0000,0x0000000055cf0000)]
  0x0000000054d3f800 JavaThread "Reference Handler" daemon [_thread_blocked, id=7252, stack(0x00000000559d0000,0x0000000055ad0000)]
  0x000000000231e000 JavaThread "main" [_thread_in_vm, id=5260, stack(0x00000000024f0000,0x00000000025f0000)]

Other Threads:
  0x0000000054d3b800 VMThread [stack: 0x0000000055720000,0x0000000055820000] [id=3128]
  0x0000000056075800 WatcherThread [stack: 0x0000000056760000,0x0000000056860000] [id=7100]

VM state:not at safepoint (normal execution)

VM Mutex/Monitor currently owned by a thread: None

Heap:
 PSYoungGen      total 68096K, used 44486K [0x00000000eab00000, 0x00000000ef000000, 0x0000000100000000)
  eden space 65536K, 63% used [0x00000000eab00000,0x00000000ed3f5828,0x00000000eeb00000)
  from space 2560K, 99% used [0x00000000eeb00000,0x00000000eed7c2b0,0x00000000eed80000)
  to   space 2560K, 0% used [0x00000000eed80000,0x00000000eed80000,0x00000000ef000000)
 ParOldGen       total 44032K, used 23232K [0x00000000c0000000, 0x00000000c2b00000, 0x00000000eab00000)
  object space 44032K, 52% used [0x00000000c0000000,0x00000000c16b0180,0x00000000c2b00000)
 Metaspace       used 5950K, capacity 7152K, committed 7296K, reserved 1056768K
  class space    used 556K, capacity 616K, committed 640K, reserved 1048576K

Card table byte_map: [0x0000000011c80000,0x0000000011e90000] byte_map_base: 0x0000000011680000

Marking Bits: (ParMarkBitMap*) 0x00000000706dd4f0
 Begin Bits: [0x0000000012210000, 0x0000000013210000)
 End Bits:   [0x0000000013210000, 0x0000000014210000)

Polling page: 0x0000000000130000

CodeCache: size=245760Kb used=7490Kb max_used=7490Kb free=238269Kb
 bounds [0x00000000028c0000, 0x0000000003020000, 0x00000000118c0000]
 total_blobs=1992 nmethods=1733 adapters=174
 compilation: enabled

Compilation events (10 events):
Event: 17.627 Thread 0x0000000054dac800 1849       2       java.util.BitSet::trimToSize (32 bytes)
Event: 17.628 Thread 0x0000000054dac800 nmethod 1849 0x0000000002fe6dd0 code [0x0000000002fe6f40, 0x0000000002fe7218]
Event: 17.636 Thread 0x0000000054dac800 1850       2       com.android.dx.cf.direct.StdAttributeFactory::innerClasses (383 bytes)
Event: 17.642 Thread 0x0000000054dac800 nmethod 1850 0x0000000003009250 code [0x0000000003009840, 0x000000000300bf48]
Event: 17.741 Thread 0x0000000054dac800 1852       2       com.android.dx.cf.direct.StdAttributeFactory::localVariableTypeTable (98 bytes)
Event: 17.742 Thread 0x0000000054dac800 nmethod 1852 0x0000000002fe5d10 code [0x0000000002fe5f20, 0x0000000002fe6678]
Event: 17.743 Thread 0x0000000054dac800 1854       2       com.android.dx.cf.code.LocalVariableList::mergeDescriptorsAndSignatures (80 bytes)
Event: 17.744 Thread 0x0000000054dac800 nmethod 1854 0x0000000002f89f90 code [0x0000000002f8a180, 0x0000000002f8a898]
Event: 17.744 Thread 0x0000000054dac800 1853       2       com.android.dx.cf.attrib.AttLocalVariableTypeTable::<init> (8 bytes)
Event: 17.744 Thread 0x0000000054dac800 nmethod 1853 0x0000000002fbe790 code [0x0000000002fbe900, 0x0000000002fbea88]

GC Heap History (10 events):
Event: 3.180 GC heap before
{Heap before GC invocations=1 (full 0):
 PSYoungGen      total 18944K, used 16384K [0x00000000eab00000, 0x00000000ec000000, 0x0000000100000000)
  eden space 16384K, 100% used [0x00000000eab00000,0x00000000ebb00000,0x00000000ebb00000)
  from space 2560K, 0% used [0x00000000ebd80000,0x00000000ebd80000,0x00000000ec000000)
  to   space 2560K, 0% used [0x00000000ebb00000,0x00000000ebb00000,0x00000000ebd80000)
 ParOldGen       total 44032K, used 0K [0x00000000c0000000, 0x00000000c2b00000, 0x00000000eab00000)
  object space 44032K, 0% used [0x00000000c0000000,0x00000000c0000000,0x00000000c2b00000)
 Metaspace       used 5536K, capacity 6832K, committed 7040K, reserved 1056768K
  class space    used 550K, capacity 616K, committed 640K, reserved 1048576K
Event: 3.722 GC heap after
Heap after GC invocations=1 (full 0):
 PSYoungGen      total 18944K, used 2535K [0x00000000eab00000, 0x00000000ed000000, 0x0000000100000000)
  eden space 16384K, 0% used [0x00000000eab00000,0x00000000eab00000,0x00000000ebb00000)
  from space 2560K, 99% used [0x00000000ebb00000,0x00000000ebd79c88,0x00000000ebd80000)
  to   space 2560K, 0% used [0x00000000ecd80000,0x00000000ecd80000,0x00000000ed000000)
 ParOldGen       total 44032K, used 1485K [0x00000000c0000000, 0x00000000c2b00000, 0x00000000eab00000)
  object space 44032K, 3% used [0x00000000c0000000,0x00000000c0173778,0x00000000c2b00000)
 Metaspace       used 5536K, capacity 6832K, committed 7040K, reserved 1056768K
  class space    used 550K, capacity 616K, committed 640K, reserved 1048576K
}
Event: 4.307 GC heap before
{Heap before GC invocations=2 (full 0):
 PSYoungGen      total 18944K, used 18919K [0x00000000eab00000, 0x00000000ed000000, 0x0000000100000000)
  eden space 16384K, 100% used [0x00000000eab00000,0x00000000ebb00000,0x00000000ebb00000)
  from space 2560K, 99% used [0x00000000ebb00000,0x00000000ebd79c88,0x00000000ebd80000)
  to   space 2560K, 0% used [0x00000000ecd80000,0x00000000ecd80000,0x00000000ed000000)
 ParOldGen       total 44032K, used 1485K [0x00000000c0000000, 0x00000000c2b00000, 0x00000000eab00000)
  object space 44032K, 3% used [0x00000000c0000000,0x00000000c0173778,0x00000000c2b00000)
 Metaspace       used 5791K, capacity 7024K, committed 7296K, reserved 1056768K
  class space    used 554K, capacity 616K, committed 640K, reserved 1048576K
Event: 4.811 GC heap after
Heap after GC invocations=2 (full 0):
 PSYoungGen      total 35328K, used 2528K [0x00000000eab00000, 0x00000000ed000000, 0x0000000100000000)
  eden space 32768K, 0% used [0x00000000eab00000,0x00000000eab00000,0x00000000ecb00000)
  from space 2560K, 98% used [0x00000000ecd80000,0x00000000ecff8028,0x00000000ed000000)
  to   space 2560K, 0% used [0x00000000ecb00000,0x00000000ecb00000,0x00000000ecd80000)
 ParOldGen       total 44032K, used 3890K [0x00000000c0000000, 0x00000000c2b00000, 0x00000000eab00000)
  object space 44032K, 8% used [0x00000000c0000000,0x00000000c03ccac0,0x00000000c2b00000)
 Metaspace       used 5791K, capacity 7024K, committed 7296K, reserved 1056768K
  class space    used 554K, capacity 616K, committed 640K, reserved 1048576K
}
Event: 5.321 GC heap before
{Heap before GC invocations=3 (full 0):
 PSYoungGen      total 35328K, used 35296K [0x00000000eab00000, 0x00000000ed000000, 0x0000000100000000)
  eden space 32768K, 100% used [0x00000000eab00000,0x00000000ecb00000,0x00000000ecb00000)
  from space 2560K, 98% used [0x00000000ecd80000,0x00000000ecff8028,0x00000000ed000000)
  to   space 2560K, 0% used [0x00000000ecb00000,0x00000000ecb00000,0x00000000ecd80000)
 ParOldGen       total 44032K, used 3890K [0x00000000c0000000, 0x00000000c2b00000, 0x00000000eab00000)
  object space 44032K, 8% used [0x00000000c0000000,0x00000000c03ccac0,0x00000000c2b00000)
 Metaspace       used 5840K, capacity 7088K, committed 7296K, reserved 1056768K
  class space    used 555K, capacity 616K, committed 640K, reserved 1048576K
Event: 6.489 GC heap after
Heap after GC invocations=3 (full 0):
 PSYoungGen      total 35328K, used 2544K [0x00000000eab00000, 0x00000000ef000000, 0x0000000100000000)
  eden space 32768K, 0% used [0x00000000eab00000,0x00000000eab00000,0x00000000ecb00000)
  from space 2560K, 99% used [0x00000000ecb00000,0x00000000ecd7c2b0,0x00000000ecd80000)
  to   space 2560K, 0% used [0x00000000eed80000,0x00000000eed80000,0x00000000ef000000)
 ParOldGen       total 44032K, used 8147K [0x00000000c0000000, 0x00000000c2b00000, 0x00000000eab00000)
  object space 44032K, 18% used [0x00000000c0000000,0x00000000c07f4ce0,0x00000000c2b00000)
 Metaspace       used 5840K, capacity 7088K, committed 7296K, reserved 1056768K
  class space    used 555K, capacity 616K, committed 640K, reserved 1048576K
}
Event: 7.070 GC heap before
{Heap before GC invocations=4 (full 0):
 PSYoungGen      total 35328K, used 35312K [0x00000000eab00000, 0x00000000ef000000, 0x0000000100000000)
  eden space 32768K, 100% used [0x00000000eab00000,0x00000000ecb00000,0x00000000ecb00000)
  from space 2560K, 99% used [0x00000000ecb00000,0x00000000ecd7c2b0,0x00000000ecd80000)
  to   space 2560K, 0% used [0x00000000eed80000,0x00000000eed80000,0x00000000ef000000)
 ParOldGen       total 44032K, used 8147K [0x00000000c0000000, 0x00000000c2b00000, 0x00000000eab00000)
  object space 44032K, 18% used [0x00000000c0000000,0x00000000c07f4ce0,0x00000000c2b00000)
 Metaspace       used 5870K, capacity 7088K, committed 7296K, reserved 1056768K
  class space    used 555K, capacity 616K, committed 640K, reserved 1048576K
Event: 7.200 GC heap after
Heap after GC invocations=4 (full 0):
 PSYoungGen      total 68096K, used 2544K [0x00000000eab00000, 0x00000000ef000000, 0x0000000100000000)
  eden space 65536K, 0% used [0x00000000eab00000,0x00000000eab00000,0x00000000eeb00000)
  from space 2560K, 99% used [0x00000000eed80000,0x00000000eeffc2b0,0x00000000ef000000)
  to   space 2560K, 0% used [0x00000000eeb00000,0x00000000eeb00000,0x00000000eed80000)
 ParOldGen       total 44032K, used 13120K [0x00000000c0000000, 0x00000000c2b00000, 0x00000000eab00000)
  object space 44032K, 29% used [0x00000000c0000000,0x00000000c0cd01f8,0x00000000c2b00000)
 Metaspace       used 5870K, capacity 7088K, committed 7296K, reserved 1056768K
  class space    used 555K, capacity 616K, committed 640K, reserved 1048576K
}
Event: 11.182 GC heap before
{Heap before GC invocations=5 (full 0):
 PSYoungGen      total 68096K, used 68080K [0x00000000eab00000, 0x00000000ef000000, 0x0000000100000000)
  eden space 65536K, 100% used [0x00000000eab00000,0x00000000eeb00000,0x00000000eeb00000)
  from space 2560K, 99% used [0x00000000eed80000,0x00000000eeffc2b0,0x00000000ef000000)
  to   space 2560K, 0% used [0x00000000eeb00000,0x00000000eeb00000,0x00000000eed80000)
 ParOldGen       total 44032K, used 13120K [0x00000000c0000000, 0x00000000c2b00000, 0x00000000eab00000)
  object space 44032K, 29% used [0x00000000c0000000,0x00000000c0cd01f8,0x00000000c2b00000)
 Metaspace       used 5914K, capacity 7152K, committed 7296K, reserved 1056768K
  class space    used 556K, capacity 616K, committed 640K, reserved 1048576K
Event: 11.345 GC heap after
Heap after GC invocations=5 (full 0):
 PSYoungGen      total 68096K, used 2544K [0x00000000eab00000, 0x00000000ef000000, 0x0000000100000000)
  eden space 65536K, 0% used [0x00000000eab00000,0x00000000eab00000,0x00000000eeb00000)
  from space 2560K, 99% used [0x00000000eeb00000,0x00000000eed7c2b0,0x00000000eed80000)
  to   space 2560K, 0% used [0x00000000eed80000,0x00000000eed80000,0x00000000ef000000)
 ParOldGen       total 44032K, used 23232K [0x00000000c0000000, 0x00000000c2b00000, 0x00000000eab00000)
  object space 44032K, 52% used [0x00000000c0000000,0x00000000c16b0180,0x00000000c2b00000)
 Metaspace       used 5914K, capacity 7152K, committed 7296K, reserved 1056768K
  class space    used 556K, capacity 616K, committed 640K, reserved 1048576K
}

Deoptimization events (10 events):
Event: 11.172 Thread 0x000000000231e000 Uncommon trap: reason=class_check action=maybe_recompile pc=0x0000000002efca6c method=com.android.dx.ssa.back.FirstFitLocalCombiningAllocator.findNextUnreservedRopReg(IILcom/android/dx/ssa/back/FirstFitLocalCombiningAllocator$Alignment;)I @ 60
Event: 11.172 Thread 0x000000000231e000 Uncommon trap: reason=class_check action=maybe_recompile pc=0x0000000002efca6c method=com.android.dx.ssa.back.FirstFitLocalCombiningAllocator.findNextUnreservedRopReg(IILcom/android/dx/ssa/back/FirstFitLocalCombiningAllocator$Alignment;)I @ 60
Event: 11.173 Thread 0x000000000231e000 Uncommon trap: reason=class_check action=maybe_recompile pc=0x0000000002efca6c method=com.android.dx.ssa.back.FirstFitLocalCombiningAllocator.findNextUnreservedRopReg(IILcom/android/dx/ssa/back/FirstFitLocalCombiningAllocator$Alignment;)I @ 60
Event: 13.195 Thread 0x000000000231e000 Uncommon trap: reason=bimorphic action=maybe_recompile pc=0x0000000002f92e08 method=com.android.dx.cf.code.BytecodeArray.parseInstruction(ILcom/android/dx/cf/code/BytecodeArray$Visitor;)I @ 1357
Event: 13.196 Thread 0x000000000231e000 Uncommon trap: reason=bimorphic action=maybe_recompile pc=0x0000000002f92e08 method=com.android.dx.cf.code.BytecodeArray.parseInstruction(ILcom/android/dx/cf/code/BytecodeArray$Visitor;)I @ 1357
Event: 13.204 Thread 0x000000000231e000 Uncommon trap: reason=bimorphic action=maybe_recompile pc=0x0000000002f92e08 method=com.android.dx.cf.code.BytecodeArray.parseInstruction(ILcom/android/dx/cf/code/BytecodeArray$Visitor;)I @ 1357
Event: 13.204 Thread 0x000000000231e000 Uncommon trap: reason=bimorphic action=maybe_recompile pc=0x0000000002f92e08 method=com.android.dx.cf.code.BytecodeArray.parseInstruction(ILcom/android/dx/cf/code/BytecodeArray$Visitor;)I @ 1357
Event: 17.483 Thread 0x000000000231e000 Uncommon trap: reason=unreached action=reinterpret pc=0x0000000002eeae80 method=com.android.dx.ssa.SCCP.simulateBranch(Lcom/android/dx/ssa/SsaInsn;)V @ 132
Event: 17.529 Thread 0x000000000231e000 Uncommon trap: reason=bimorphic action=maybe_recompile pc=0x0000000002fcb7e0 method=com.android.dx.cf.code.BytecodeArray.parseInstruction(ILcom/android/dx/cf/code/BytecodeArray$Visitor;)I @ 2281
Event: 17.529 Thread 0x000000000231e000 Uncommon trap: reason=bimorphic action=maybe_recompile pc=0x0000000002fcb7e0 method=com.android.dx.cf.code.BytecodeArray.parseInstruction(ILcom/android/dx/cf/code/BytecodeArray$Visitor;)I @ 2281

Internal exceptions (10 events):
Event: 3.966 Thread 0x000000000231e000 Exception <a 'java/security/PrivilegedActionException'> (0x00000000eae56158) thrown at [C:\workspace\8-2-build-windows-amd64-cygwin\jdk8u31\2394\hotspot\src\share\vm\prims\jvm.cpp, line 1312]
Event: 3.968 Thread 0x000000000231e000 Exception <a 'java/security/PrivilegedActionException'> (0x00000000eae6c5b0) thrown at [C:\workspace\8-2-build-windows-amd64-cygwin\jdk8u31\2394\hotspot\src\share\vm\prims\jvm.cpp, line 1312]
Event: 3.968 Thread 0x000000000231e000 Exception <a 'java/security/PrivilegedActionException'> (0x00000000eae72120) thrown at [C:\workspace\8-2-build-windows-amd64-cygwin\jdk8u31\2394\hotspot\src\share\vm\prims\jvm.cpp, line 1312]
Event: 3.969 Thread 0x000000000231e000 Exception <a 'java/security/PrivilegedActionException'> (0x00000000eae77970) thrown at [C:\workspace\8-2-build-windows-amd64-cygwin\jdk8u31\2394\hotspot\src\share\vm\prims\jvm.cpp, line 1312]
Event: 4.124 Thread 0x000000000231e000 Exception <a 'java/security/PrivilegedActionException'> (0x00000000eb387e60) thrown at [C:\workspace\8-2-build-windows-amd64-cygwin\jdk8u31\2394\hotspot\src\share\vm\prims\jvm.cpp, line 1312]
Event: 4.864 Thread 0x000000000231e000 Exception <a 'java/security/PrivilegedActionException'> (0x00000000ead12500) thrown at [C:\workspace\8-2-build-windows-amd64-cygwin\jdk8u31\2394\hotspot\src\share\vm\prims\jvm.cpp, line 1312]
Event: 5.030 Thread 0x000000000231e000 Implicit null exception at 0x0000000002cccdd2 to 0x0000000002ccce71
Event: 5.258 Thread 0x000000000231e000 Exception <a 'java/security/PrivilegedActionException'> (0x00000000ec781f78) thrown at [C:\workspace\8-2-build-windows-amd64-cygwin\jdk8u31\2394\hotspot\src\share\vm\prims\jvm.cpp, line 1312]
Event: 7.485 Thread 0x000000000231e000 Exception <a 'java/security/PrivilegedActionException'> (0x00000000ebf4b6c0) thrown at [C:\workspace\8-2-build-windows-amd64-cygwin\jdk8u31\2394\hotspot\src\share\vm\prims\jvm.cpp, line 1312]
Event: 7.654 Thread 0x000000000231e000 Exception <a 'java/security/PrivilegedActionException'> (0x00000000ecaf0958) thrown at [C:\workspace\8-2-build-windows-amd64-cygwin\jdk8u31\2394\hotspot\src\share\vm\prims\jvm.cpp, line 1312]

Events (10 events):
Event: 17.529 Thread 0x000000000231e000 Uncommon trap: trap_request=0xffffffc6 fr.pc=0x0000000002fcb7e0
Event: 17.529 Thread 0x000000000231e000 DEOPT PACKING pc=0x0000000002fcb7e0 sp=0x00000000025ee5d0
Event: 17.529 Thread 0x000000000231e000 DEOPT UNPACKING pc=0x000000000290556a sp=0x00000000025ee5a0 mode 2
Event: 17.529 Thread 0x000000000231e000 Uncommon trap: trap_request=0xffffffc6 fr.pc=0x0000000002fcb7e0
Event: 17.529 Thread 0x000000000231e000 DEOPT PACKING pc=0x0000000002fcb7e0 sp=0x00000000025ee430
Event: 17.529 Thread 0x000000000231e000 DEOPT UNPACKING pc=0x000000000290556a sp=0x00000000025ee400 mode 2
Event: 17.561 Thread 0x000000000231e000 DEOPT PACKING pc=0x0000000002c580c9 sp=0x00000000025ee810
Event: 17.561 Thread 0x000000000231e000 DEOPT UNPACKING pc=0x00000000029071bf sp=0x00000000025ee640 mode 0
Event: 17.631 Thread 0x000000000231e000 DEOPT PACKING pc=0x0000000002c580c9 sp=0x00000000025ee810
Event: 17.631 Thread 0x000000000231e000 DEOPT UNPACKING pc=0x00000000029071bf sp=0x00000000025ee640 mode 0


Dynamic libraries:
0x000000013f410000 - 0x000000013f444000 	C:\Program Files\Java\jdk1.8.0_31\bin\java.exe
0x0000000077710000 - 0x00000000778b9000 	C:\Windows\SYSTEM32\ntdll.dll
0x00000000774f0000 - 0x000000007760f000 	C:\Windows\system32\kernel32.dll
0x000007fefd780000 - 0x000007fefd7eb000 	C:\Windows\system32\KERNELBASE.dll
0x000007fefdaf0000 - 0x000007fefdbcb000 	C:\Windows\system32\ADVAPI32.dll
0x000007fefedb0000 - 0x000007fefee4f000 	C:\Windows\system32\msvcrt.dll
0x000007fefdad0000 - 0x000007fefdaef000 	C:\Windows\SYSTEM32\sechost.dll
0x000007fefeba0000 - 0x000007fefeccd000 	C:\Windows\system32\RPCRT4.dll
0x0000000077610000 - 0x000000007770a000 	C:\Windows\system32\USER32.dll
0x000007feff6b0000 - 0x000007feff717000 	C:\Windows\system32\GDI32.dll
0x000007feff720000 - 0x000007feff72e000 	C:\Windows\system32\LPK.dll
0x000007fefda00000 - 0x000007fefdac9000 	C:\Windows\system32\USP10.dll
0x000007fefb8d0000 - 0x000007fefbac4000 	C:\Windows\WinSxS\amd64_microsoft.windows.common-controls_6595b64144ccf1df_6.0.7601.17514_none_fa396087175ac9ac\COMCTL32.dll
0x000007feff040000 - 0x000007feff0b1000 	C:\Windows\system32\SHLWAPI.dll
0x000007fefd930000 - 0x000007fefd95e000 	C:\Windows\system32\IMM32.DLL
0x000007feff5a0000 - 0x000007feff6a9000 	C:\Windows\system32\MSCTF.dll
0x00000000790f0000 - 0x00000000791c2000 	C:\Program Files\Java\jdk1.8.0_31\jre\bin\msvcr100.dll
0x000000006ff00000 - 0x000000007075a000 	C:\Program Files\Java\jdk1.8.0_31\jre\bin\server\jvm.dll
0x000007fefb150000 - 0x000007fefb159000 	C:\Windows\system32\WSOCK32.dll
0x000007fefeb50000 - 0x000007fefeb9d000 	C:\Windows\system32\WS2_32.dll
0x000007feff030000 - 0x000007feff038000 	C:\Windows\system32\NSI.dll
0x000007fefc320000 - 0x000007fefc35b000 	C:\Windows\system32\WINMM.dll
0x00000000778e0000 - 0x00000000778e7000 	C:\Windows\system32\PSAPI.DLL
0x0000000068e80000 - 0x0000000068e8f000 	C:\Program Files\Java\jdk1.8.0_31\jre\bin\verify.dll
0x000000005c5c0000 - 0x000000005c5e8000 	C:\Program Files\Java\jdk1.8.0_31\jre\bin\java.dll
0x0000000068e60000 - 0x0000000068e76000 	C:\Program Files\Java\jdk1.8.0_31\jre\bin\zip.dll
0x000007fefdbd0000 - 0x000007fefe958000 	C:\Windows\system32\SHELL32.dll
0x000007feff390000 - 0x000007feff593000 	C:\Windows\system32\ole32.dll
0x000007fefd4d0000 - 0x000007fefd4df000 	C:\Windows\system32\profapi.dll

VM Arguments:
jvm_args: -Xmx1024M -Dfile.encoding=windows-1252 -Duser.country=US -Duser.language=en -Duser.variant 
java_command: com.android.dx.command.Main --dex --output O:\ANDROID-DEVELOPMENT\QferizTrafficInfo\app\build\intermediates\pre-dexed\debug\classes-ccc4aa3ba8e15612f1fb1bec1fc47a4ef4a6b6aa.jar O:\ANDROID-DEVELOPMENT\QferizTrafficInfo\app\build\intermediates\exploded-aar\com.android.support\support-v4\22.0.0\classes.jar
java_class_path (initial): O:\ADT-ANDROID-DEVTOOLS-25102014\ADT-x86-20140702\sdk\build-tools\22.0.1\lib\dx.jar
Launcher Type: SUN_STANDARD

Environment Variables:
JAVA_HOME=C:\Program Files\Java\jdk1.8.0_31
CLASSPATH=.;C:\PROGRA~2\IBM\SQLLIB\java\db2java.zip;C:\PROGRA~2\IBM\SQLLIB\java\db2jcc.jar;C:\PROGRA~2\IBM\SQLLIB\java\sqlj.zip;C:\PROGRA~2\IBM\SQLLIB\java\db2jcc_license_cu.jar;C:\PROGRA~2\IBM\SQLLIB\bin;C:\PROGRA~2\IBM\SQLLIB\java\common.jar
PATH=C:\ProgramData\Oracle\Java\javapath;E:\Program Files\Embarcadero\RAD Studio\12.0\bin;C:\Users\Public\Documents\RAD Studio\12.0\Bpl;E:\Program Files\Embarcadero\RAD Studio\12.0\bin64;C:\Users\Public\Documents\RAD Studio\12.0\Bpl\Win64;C:\Program Files (x86)\ActiveState Komodo IDE 8\;C:\Program Files (x86)\CollabNet;C:\Windows\system32;C:\Windows;C:\Windows\System32\Wbem;C:\Windows\System32\WindowsPowerShell\v1.0\;C:\Program Files\Broadcom\Broadcom 802.11\Driver;C:\Program Files\WIDCOMM\Bluetooth Software\;C:\Program Files\WIDCOMM\Bluetooth Software\syswow64;C:\PROGRA~2\IBM\SQLLIB\BIN;C:\PROGRA~2\IBM\SQLLIB\FUNCTION;C:\PROGRA~2\IBM\SQLLIB\SAMPLES\REPL
USERNAME=Qferiz
OS=Windows_NT
PROCESSOR_IDENTIFIER=Intel64 Family 6 Model 23 Stepping 10, GenuineIntel



---------------  S Y S T E M  ---------------

OS: Windows 7 , 64 bit Build 7601 Service Pack 1

CPU:total 2 (2 cores per cpu, 1 threads per core) family 6 model 23 stepping 10, cmov, cx8, fxsr, mmx, sse, sse2, sse3, ssse3, sse4.1, tsc

Memory: 4k page, physical 4157396k(416328k free), swap 6252684k(3132k free)

vm_info: Java HotSpot(TM) 64-Bit Server VM (25.31-b07) for windows-amd64 JRE (1.8.0_31-b13), built on Dec 17 2014 21:00:28 by "java_re" with MS VC++ 10.0 (VS2010)

time: Mon Mar 23 15:16:21 2015
elapsed time: 18 seconds (0d 0h 0m 18s)

