#
# There is insufficient memory for the Java Runtime Environment to continue.
# Native memory allocation (malloc) failed to allocate 1346656 bytes for Chunk::new
# Possible reasons:
#   The system is out of physical RAM or swap space
#   In 32 bit mode, the process size limit was hit
# Possible solutions:
#   Reduce memory load on the system
#   Increase physical memory or swap space
#   Check if swap backing store is full
#   Use 64 bit Java on a 64 bit OS
#   Decrease Java heap size (-Xmx/-Xms)
#   Decrease number of Java threads
#   Decrease Java thread stack sizes (-Xss)
#   Set larger code cache with -XX:ReservedCodeCacheSize=
# This output file may be truncated or incomplete.
#
#  Out of Memory Error (allocation.cpp:390), pid=6828, tid=7840
#
# JRE version: Java(TM) SE Runtime Environment (8.0_31-b13) (build 1.8.0_31-b13)
# Java VM: Java HotSpot(TM) 64-Bit Server VM (25.31-b07 mixed mode windows-amd64 compressed oops)
# Failed to write core dump. Minidumps are not enabled by default on client versions of Windows
#

---------------  T H R E A D  ---------------

Current thread (0x0000000014f8a800):  JavaThread "C2 CompilerThread0" daemon [_thread_in_native, id=7840, stack(0x0000000016140000,0x0000000016240000)]

Stack: [0x0000000016140000,0x0000000016240000]
Native frames: (J=compiled Java code, j=interpreted, Vv=VM code, C=native code)
V  [jvm.dll+0x3169ba]
V  [jvm.dll+0x2674c3]
V  [jvm.dll+0x268103]
V  [jvm.dll+0x25f8f5]
V  [jvm.dll+0xbf025]
V  [jvm.dll+0xbf4cc]
V  [jvm.dll+0x45df82]
V  [jvm.dll+0x49f21f]
V  [jvm.dll+0x453094]
V  [jvm.dll+0x454124]
V  [jvm.dll+0x437c62]
V  [jvm.dll+0x988e2]
V  [jvm.dll+0x990d3]
V  [jvm.dll+0x22c194]
V  [jvm.dll+0x28576a]
C  [msvcr100.dll+0x21d9f]
C  [msvcr100.dll+0x21e3b]
C  [kernel32.dll+0x1652d]
C  [ntdll.dll+0x2c541]


Current CompileTask:
C2:  18890 1902       4       com.android.dx.ssa.SCCP::simulateBranch (666 bytes)


---------------  P R O C E S S  ---------------

Java Threads: ( => current thread )
  0x0000000014fe2000 JavaThread "Service Thread" daemon [_thread_blocked, id=1724, stack(0x0000000015f00000,0x0000000016000000)]
  0x0000000014fde000 JavaThread "C1 CompilerThread1" daemon [_thread_blocked, id=5132, stack(0x0000000016260000,0x0000000016360000)]
=>0x0000000014f8a800 JavaThread "C2 CompilerThread0" daemon [_thread_in_native, id=7840, stack(0x0000000016140000,0x0000000016240000)]
  0x0000000014f89000 JavaThread "Attach Listener" daemon [_thread_blocked, id=4644, stack(0x0000000016040000,0x0000000016140000)]
  0x0000000014f87800 JavaThread "Signal Dispatcher" daemon [_thread_blocked, id=6760, stack(0x0000000015dc0000,0x0000000015ec0000)]
  0x0000000014f28800 JavaThread "Finalizer" daemon [_thread_blocked, id=6596, stack(0x0000000015c80000,0x0000000015d80000)]
  0x0000000014f1f800 JavaThread "Reference Handler" daemon [_thread_blocked, id=1800, stack(0x0000000015a50000,0x0000000015b50000)]
  0x000000000224e000 JavaThread "main" [_thread_in_Java, id=7432, stack(0x00000000024e0000,0x00000000025e0000)]

Other Threads:
  0x0000000014f1b800 VMThread [stack: 0x0000000015900000,0x0000000015a00000] [id=7532]
  0x0000000014fe7800 WatcherThread [stack: 0x0000000016440000,0x0000000016540000] [id=7092]

VM state:not at safepoint (normal execution)

VM Mutex/Monitor currently owned by a thread: None

Heap:
 PSYoungGen      total 141824K, used 35676K [0x00000000eab00000, 0x00000000f4800000, 0x0000000100000000)
  eden space 129024K, 18% used [0x00000000eab00000,0x00000000ec1bdd88,0x00000000f2900000)
  from space 12800K, 96% used [0x00000000f3780000,0x00000000f4399578,0x00000000f4400000)
  to   space 14848K, 0% used [0x00000000f2900000,0x00000000f2900000,0x00000000f3780000)
 ParOldGen       total 44032K, used 23642K [0x00000000c0000000, 0x00000000c2b00000, 0x00000000eab00000)
  object space 44032K, 53% used [0x00000000c0000000,0x00000000c1716ba8,0x00000000c2b00000)
 Metaspace       used 5948K, capacity 7152K, committed 7296K, reserved 1056768K
  class space    used 556K, capacity 616K, committed 640K, reserved 1048576K

Card table byte_map: [0x0000000011c70000,0x0000000011e80000] byte_map_base: 0x0000000011670000

Marking Bits: (ParMarkBitMap*) 0x0000000050a4d4f0
 Begin Bits: [0x00000000123f0000, 0x00000000133f0000)
 End Bits:   [0x00000000133f0000, 0x00000000143f0000)

Polling page: 0x0000000000130000

CodeCache: size=245760Kb used=7907Kb max_used=7907Kb free=237852Kb
 bounds [0x00000000028b0000, 0x0000000003070000, 0x00000000118b0000]
 total_blobs=2099 nmethods=1840 adapters=174
 compilation: enabled

Compilation events (10 events):
Event: 18.353 Thread 0x0000000014f8a800 nmethod 1844 0x0000000003046dd0 code [0x0000000003046f20, 0x0000000003047018]
Event: 18.353 Thread 0x0000000014f8a800 1868       4       com.android.dx.rop.code.RegisterSpecList::<init> (6 bytes)
Event: 18.355 Thread 0x0000000014f8a800 nmethod 1868 0x00000000030489d0 code [0x0000000003048b20, 0x0000000003048c58]
Event: 18.355 Thread 0x0000000014f8a800 1813       4       com.android.dx.ssa.PhiInsn::hasSideEffect (19 bytes)
Event: 18.356 Thread 0x0000000014f8a800 nmethod 1813 0x0000000003048750 code [0x0000000003048880, 0x0000000003048918]
Event: 18.357 Thread 0x0000000014f8a800 1900       4       com.android.dx.util.BitIntSet$1::next (42 bytes)
Event: 18.360 Thread 0x0000000014f8a800 nmethod 1900 0x0000000003048390 code [0x00000000030484e0, 0x0000000003048618]
Event: 18.361 Thread 0x0000000014fde000 1901       3       com.android.dx.ssa.MoveParamCombiner$1::visitNonMoveInsn (213 bytes)
Event: 18.362 Thread 0x0000000014f8a800 1902       4       com.android.dx.ssa.SCCP::simulateBranch (666 bytes)
Event: 18.364 Thread 0x0000000014fde000 nmethod 1901 0x0000000003043d90 code [0x0000000003044080, 0x0000000003045ec8]

GC Heap History (10 events):
Event: 5.513 GC heap before
{Heap before GC invocations=2 (full 0):
 PSYoungGen      total 18944K, used 18922K [0x00000000eab00000, 0x00000000ed000000, 0x0000000100000000)
  eden space 16384K, 100% used [0x00000000eab00000,0x00000000ebb00000,0x00000000ebb00000)
  from space 2560K, 99% used [0x00000000ebb00000,0x00000000ebd7aaa8,0x00000000ebd80000)
  to   space 2560K, 0% used [0x00000000ecd80000,0x00000000ecd80000,0x00000000ed000000)
 ParOldGen       total 44032K, used 1471K [0x00000000c0000000, 0x00000000c2b00000, 0x00000000eab00000)
  object space 44032K, 3% used [0x00000000c0000000,0x00000000c016fef8,0x00000000c2b00000)
 Metaspace       used 5778K, capacity 7024K, committed 7296K, reserved 1056768K
  class space    used 554K, capacity 616K, committed 640K, reserved 1048576K
Event: 5.805 GC heap after
Heap after GC invocations=2 (full 0):
 PSYoungGen      total 35328K, used 2528K [0x00000000eab00000, 0x00000000ed000000, 0x0000000100000000)
  eden space 32768K, 0% used [0x00000000eab00000,0x00000000eab00000,0x00000000ecb00000)
  from space 2560K, 98% used [0x00000000ecd80000,0x00000000ecff8028,0x00000000ed000000)
  to   space 2560K, 0% used [0x00000000ecb00000,0x00000000ecb00000,0x00000000ecd80000)
 ParOldGen       total 44032K, used 4272K [0x00000000c0000000, 0x00000000c2b00000, 0x00000000eab00000)
  object space 44032K, 9% used [0x00000000c0000000,0x00000000c042c290,0x00000000c2b00000)
 Metaspace       used 5778K, capacity 7024K, committed 7296K, reserved 1056768K
  class space    used 554K, capacity 616K, committed 640K, reserved 1048576K
}
Event: 8.577 GC heap before
{Heap before GC invocations=3 (full 0):
 PSYoungGen      total 35328K, used 35296K [0x00000000eab00000, 0x00000000ed000000, 0x0000000100000000)
  eden space 32768K, 100% used [0x00000000eab00000,0x00000000ecb00000,0x00000000ecb00000)
  from space 2560K, 98% used [0x00000000ecd80000,0x00000000ecff8028,0x00000000ed000000)
  to   space 2560K, 0% used [0x00000000ecb00000,0x00000000ecb00000,0x00000000ecd80000)
 ParOldGen       total 44032K, used 4272K [0x00000000c0000000, 0x00000000c2b00000, 0x00000000eab00000)
  object space 44032K, 9% used [0x00000000c0000000,0x00000000c042c290,0x00000000c2b00000)
 Metaspace       used 5839K, capacity 7088K, committed 7296K, reserved 1056768K
  class space    used 555K, capacity 616K, committed 640K, reserved 1048576K
Event: 8.972 GC heap after
Heap after GC invocations=3 (full 0):
 PSYoungGen      total 35328K, used 2544K [0x00000000eab00000, 0x00000000ef000000, 0x0000000100000000)
  eden space 32768K, 0% used [0x00000000eab00000,0x00000000eab00000,0x00000000ecb00000)
  from space 2560K, 99% used [0x00000000ecb00000,0x00000000ecd7c2b0,0x00000000ecd80000)
  to   space 2560K, 0% used [0x00000000eed80000,0x00000000eed80000,0x00000000ef000000)
 ParOldGen       total 44032K, used 8533K [0x00000000c0000000, 0x00000000c2b00000, 0x00000000eab00000)
  object space 44032K, 19% used [0x00000000c0000000,0x00000000c08554a0,0x00000000c2b00000)
 Metaspace       used 5839K, capacity 7088K, committed 7296K, reserved 1056768K
  class space    used 555K, capacity 616K, committed 640K, reserved 1048576K
}
Event: 9.460 GC heap before
{Heap before GC invocations=4 (full 0):
 PSYoungGen      total 35328K, used 35312K [0x00000000eab00000, 0x00000000ef000000, 0x0000000100000000)
  eden space 32768K, 100% used [0x00000000eab00000,0x00000000ecb00000,0x00000000ecb00000)
  from space 2560K, 99% used [0x00000000ecb00000,0x00000000ecd7c2b0,0x00000000ecd80000)
  to   space 2560K, 0% used [0x00000000eed80000,0x00000000eed80000,0x00000000ef000000)
 ParOldGen       total 44032K, used 8533K [0x00000000c0000000, 0x00000000c2b00000, 0x00000000eab00000)
  object space 44032K, 19% used [0x00000000c0000000,0x00000000c08554a0,0x00000000c2b00000)
 Metaspace       used 5873K, capacity 7088K, committed 7296K, reserved 1056768K
  class space    used 555K, capacity 616K, committed 640K, reserved 1048576K
Event: 10.096 GC heap after
Heap after GC invocations=4 (full 0):
 PSYoungGen      total 68096K, used 2544K [0x00000000eab00000, 0x00000000ef000000, 0x0000000100000000)
  eden space 65536K, 0% used [0x00000000eab00000,0x00000000eab00000,0x00000000eeb00000)
  from space 2560K, 99% used [0x00000000eed80000,0x00000000eeffc2b0,0x00000000ef000000)
  to   space 2560K, 0% used [0x00000000eeb00000,0x00000000eeb00000,0x00000000eed80000)
 ParOldGen       total 44032K, used 13485K [0x00000000c0000000, 0x00000000c2b00000, 0x00000000eab00000)
  object space 44032K, 30% used [0x00000000c0000000,0x00000000c0d2b420,0x00000000c2b00000)
 Metaspace       used 5873K, capacity 7088K, committed 7296K, reserved 1056768K
  class space    used 555K, capacity 616K, committed 640K, reserved 1048576K
}
Event: 15.880 GC heap before
{Heap before GC invocations=5 (full 0):
 PSYoungGen      total 68096K, used 68080K [0x00000000eab00000, 0x00000000ef000000, 0x0000000100000000)
  eden space 65536K, 100% used [0x00000000eab00000,0x00000000eeb00000,0x00000000eeb00000)
  from space 2560K, 99% used [0x00000000eed80000,0x00000000eeffc2b0,0x00000000ef000000)
  to   space 2560K, 0% used [0x00000000eeb00000,0x00000000eeb00000,0x00000000eed80000)
 ParOldGen       total 44032K, used 13485K [0x00000000c0000000, 0x00000000c2b00000, 0x00000000eab00000)
  object space 44032K, 30% used [0x00000000c0000000,0x00000000c0d2b420,0x00000000c2b00000)
 Metaspace       used 5920K, capacity 7152K, committed 7296K, reserved 1056768K
  class space    used 556K, capacity 616K, committed 640K, reserved 1048576K
Event: 16.517 GC heap after
Heap after GC invocations=5 (full 0):
 PSYoungGen      total 68096K, used 2544K [0x00000000eab00000, 0x00000000f4400000, 0x0000000100000000)
  eden space 65536K, 0% used [0x00000000eab00000,0x00000000eab00000,0x00000000eeb00000)
  from space 2560K, 99% used [0x00000000eeb00000,0x00000000eed7c2b0,0x00000000eed80000)
  to   space 12800K, 0% used [0x00000000f3780000,0x00000000f3780000,0x00000000f4400000)
 ParOldGen       total 44032K, used 23642K [0x00000000c0000000, 0x00000000c2b00000, 0x00000000eab00000)
  object space 44032K, 53% used [0x00000000c0000000,0x00000000c1716ba8,0x00000000c2b00000)
 Metaspace       used 5920K, capacity 7152K, committed 7296K, reserved 1056768K
  class space    used 556K, capacity 616K, committed 640K, reserved 1048576K
}
Event: 17.394 GC heap before
{Heap before GC invocations=6 (full 0):
 PSYoungGen      total 68096K, used 68080K [0x00000000eab00000, 0x00000000f4400000, 0x0000000100000000)
  eden space 65536K, 100% used [0x00000000eab00000,0x00000000eeb00000,0x00000000eeb00000)
  from space 2560K, 99% used [0x00000000eeb00000,0x00000000eed7c2b0,0x00000000eed80000)
  to   space 12800K, 0% used [0x00000000f3780000,0x00000000f3780000,0x00000000f4400000)
 ParOldGen       total 44032K, used 23642K [0x00000000c0000000, 0x00000000c2b00000, 0x00000000eab00000)
  object space 44032K, 53% used [0x00000000c0000000,0x00000000c1716ba8,0x00000000c2b00000)
 Metaspace       used 5947K, capacity 7152K, committed 7296K, reserved 1056768K
  class space    used 556K, capacity 616K, committed 640K, reserved 1048576K
Event: 18.110 GC heap after
Heap after GC invocations=6 (full 0):
 PSYoungGen      total 141824K, used 12389K [0x00000000eab00000, 0x00000000f4800000, 0x0000000100000000)
  eden space 129024K, 0% used [0x00000000eab00000,0x00000000eab00000,0x00000000f2900000)
  from space 12800K, 96% used [0x00000000f3780000,0x00000000f4399578,0x00000000f4400000)
  to   space 14848K, 0% used [0x00000000f2900000,0x00000000f2900000,0x00000000f3780000)
 ParOldGen       total 44032K, used 23642K [0x00000000c0000000, 0x00000000c2b00000, 0x00000000eab00000)
  object space 44032K, 53% used [0x00000000c0000000,0x00000000c1716ba8,0x00000000c2b00000)
 Metaspace       used 5947K, capacity 7152K, committed 7296K, reserved 1056768K
  class space    used 556K, capacity 616K, committed 640K, reserved 1048576K
}

Deoptimization events (10 events):
Event: 11.771 Thread 0x000000000224e000 Uncommon trap: reason=bimorphic action=maybe_recompile pc=0x0000000002f2e644 method=com.android.dx.rop.code.RegisterSpec.withSimpleType()Lcom/android/dx/rop/code/RegisterSpec; @ 21
Event: 11.774 Thread 0x000000000224e000 Uncommon trap: reason=bimorphic action=maybe_recompile pc=0x0000000002f2e644 method=com.android.dx.rop.code.RegisterSpec.withSimpleType()Lcom/android/dx/rop/code/RegisterSpec; @ 21
Event: 11.774 Thread 0x000000000224e000 Uncommon trap: reason=bimorphic action=maybe_recompile pc=0x0000000002f2e644 method=com.android.dx.rop.code.RegisterSpec.withSimpleType()Lcom/android/dx/rop/code/RegisterSpec; @ 21
Event: 15.718 Thread 0x000000000224e000 Uncommon trap: reason=unreached action=reinterpret pc=0x0000000002edb344 method=com.android.dx.ssa.MoveParamCombiner$1.visitNonMoveInsn(Lcom/android/dx/ssa/NormalSsaInsn;)V @ 27
Event: 15.775 Thread 0x000000000224e000 Uncommon trap: reason=bimorphic action=maybe_recompile pc=0x0000000002e8e550 method=com.android.dx.cf.code.BytecodeArray.parseInstruction(ILcom/android/dx/cf/code/BytecodeArray$Visitor;)I @ 1501
Event: 15.776 Thread 0x000000000224e000 Uncommon trap: reason=bimorphic action=maybe_recompile pc=0x0000000002e90898 method=com.android.dx.cf.code.BytecodeArray.parseInstruction(ILcom/android/dx/cf/code/BytecodeArray$Visitor;)I @ 2135
Event: 15.776 Thread 0x000000000224e000 Uncommon trap: reason=bimorphic action=maybe_recompile pc=0x0000000002e8e550 method=com.android.dx.cf.code.BytecodeArray.parseInstruction(ILcom/android/dx/cf/code/BytecodeArray$Visitor;)I @ 1501
Event: 15.832 Thread 0x000000000224e000 Uncommon trap: reason=bimorphic action=maybe_recompile pc=0x0000000002f065b8 method=com.android.dx.ssa.LiteralOpUpgrader.tryReplacingWithConstant(Lcom/android/dx/ssa/NormalSsaInsn;)Z @ 62
Event: 15.869 Thread 0x000000000224e000 Uncommon trap: reason=bimorphic action=maybe_recompile pc=0x0000000002f065b8 method=com.android.dx.ssa.LiteralOpUpgrader.tryReplacingWithConstant(Lcom/android/dx/ssa/NormalSsaInsn;)Z @ 62
Event: 17.288 Thread 0x000000000224e000 Uncommon trap: reason=class_check action=maybe_recompile pc=0x0000000002e68fa8 method=java.util.HashMap.putVal(ILjava/lang/Object;Ljava/lang/Object;ZZ)Ljava/lang/Object; @ 203

Internal exceptions (10 events):
Event: 4.494 Thread 0x000000000224e000 Exception <a 'java/security/PrivilegedActionException'> (0x00000000eae6a9d0) thrown at [C:\workspace\8-2-build-windows-amd64-cygwin\jdk8u31\2394\hotspot\src\share\vm\prims\jvm.cpp, line 1312]
Event: 4.495 Thread 0x000000000224e000 Exception <a 'java/security/PrivilegedActionException'> (0x00000000eae70540) thrown at [C:\workspace\8-2-build-windows-amd64-cygwin\jdk8u31\2394\hotspot\src\share\vm\prims\jvm.cpp, line 1312]
Event: 4.495 Thread 0x000000000224e000 Exception <a 'java/security/PrivilegedActionException'> (0x00000000eae75d90) thrown at [C:\workspace\8-2-build-windows-amd64-cygwin\jdk8u31\2394\hotspot\src\share\vm\prims\jvm.cpp, line 1312]
Event: 5.273 Thread 0x000000000224e000 Exception <a 'java/security/PrivilegedActionException'> (0x00000000eb3830a0) thrown at [C:\workspace\8-2-build-windows-amd64-cygwin\jdk8u31\2394\hotspot\src\share\vm\prims\jvm.cpp, line 1312]
Event: 6.098 Thread 0x000000000224e000 Exception <a 'java/security/PrivilegedActionException'> (0x00000000ead3bb78) thrown at [C:\workspace\8-2-build-windows-amd64-cygwin\jdk8u31\2394\hotspot\src\share\vm\prims\jvm.cpp, line 1312]
Event: 7.647 Thread 0x000000000224e000 Implicit null exception at 0x0000000002c0f6d2 to 0x0000000002c0f771
Event: 8.505 Thread 0x000000000224e000 Exception <a 'java/security/PrivilegedActionException'> (0x00000000ec743770) thrown at [C:\workspace\8-2-build-windows-amd64-cygwin\jdk8u31\2394\hotspot\src\share\vm\prims\jvm.cpp, line 1312]
Event: 11.564 Thread 0x000000000224e000 Exception <a 'java/security/PrivilegedActionException'> (0x00000000ebf088b0) thrown at [C:\workspace\8-2-build-windows-amd64-cygwin\jdk8u31\2394\hotspot\src\share\vm\prims\jvm.cpp, line 1312]
Event: 11.734 Thread 0x000000000224e000 Exception <a 'java/security/PrivilegedActionException'> (0x00000000ecaa4bb0) thrown at [C:\workspace\8-2-build-windows-amd64-cygwin\jdk8u31\2394\hotspot\src\share\vm\prims\jvm.cpp, line 1312]
Event: 11.738 Thread 0x000000000224e000 Implicit null exception at 0x0000000002eed312 to 0x0000000002eee609

Events (10 events):
Event: 17.008 Thread 0x000000000224e000 DEOPT UNPACKING pc=0x00000000028f71bf sp=0x00000000025de3e0 mode 0
Event: 17.166 Thread 0x000000000224e000 DEOPT PACKING pc=0x0000000002bf5e89 sp=0x00000000025de990
Event: 17.166 Thread 0x000000000224e000 DEOPT UNPACKING pc=0x00000000028f71bf sp=0x00000000025de7c0 mode 0
Event: 17.232 Thread 0x000000000224e000 DEOPT PACKING pc=0x0000000002bf5e89 sp=0x00000000025de990
Event: 17.232 Thread 0x000000000224e000 DEOPT UNPACKING pc=0x00000000028f71bf sp=0x00000000025de7c0 mode 0
Event: 17.288 Thread 0x000000000224e000 Uncommon trap: trap_request=0xffffffde fr.pc=0x0000000002e68fa8
Event: 17.288 Thread 0x000000000224e000 DEOPT PACKING pc=0x0000000002e68fa8 sp=0x00000000025de710
Event: 17.288 Thread 0x000000000224e000 DEOPT UNPACKING pc=0x00000000028f556a sp=0x00000000025de688 mode 2
Event: 17.393 Executing VM operation: ParallelGCFailedAllocation
Event: 18.110 Executing VM operation: ParallelGCFailedAllocation done


Dynamic libraries:
0x000000013f0e0000 - 0x000000013f114000 	C:\Program Files\Java\jdk1.8.0_31\bin\java.exe
0x0000000077b50000 - 0x0000000077cf9000 	C:\Windows\SYSTEM32\ntdll.dll
0x0000000077930000 - 0x0000000077a4f000 	C:\Windows\system32\kernel32.dll
0x000007fefdc10000 - 0x000007fefdc7b000 	C:\Windows\system32\KERNELBASE.dll
0x000007fefeb10000 - 0x000007fefebeb000 	C:\Windows\system32\ADVAPI32.dll
0x000007feffdc0000 - 0x000007feffe5f000 	C:\Windows\system32\msvcrt.dll
0x000007fefdf30000 - 0x000007fefdf4f000 	C:\Windows\SYSTEM32\sechost.dll
0x000007fefec40000 - 0x000007fefed6d000 	C:\Windows\system32\RPCRT4.dll
0x0000000077a50000 - 0x0000000077b4a000 	C:\Windows\system32\USER32.dll
0x000007fefdec0000 - 0x000007fefdf27000 	C:\Windows\system32\GDI32.dll
0x000007fefef80000 - 0x000007fefef8e000 	C:\Windows\system32\LPK.dll
0x000007fefe000000 - 0x000007fefe0c9000 	C:\Windows\system32\USP10.dll
0x000007fefc3d0000 - 0x000007fefc5c4000 	C:\Windows\WinSxS\amd64_microsoft.windows.common-controls_6595b64144ccf1df_6.0.7601.17514_none_fa396087175ac9ac\COMCTL32.dll
0x000007fefdf50000 - 0x000007fefdfc1000 	C:\Windows\system32\SHLWAPI.dll
0x000007fefdfd0000 - 0x000007fefdffe000 	C:\Windows\system32\IMM32.DLL
0x000007fefea00000 - 0x000007fefeb09000 	C:\Windows\system32\MSCTF.dll
0x0000000057aa0000 - 0x0000000057b72000 	C:\Program Files\Java\jdk1.8.0_31\jre\bin\msvcr100.dll
0x0000000050270000 - 0x0000000050aca000 	C:\Program Files\Java\jdk1.8.0_31\jre\bin\server\jvm.dll
0x000007fefb990000 - 0x000007fefb999000 	C:\Windows\system32\WSOCK32.dll
0x000007fefebf0000 - 0x000007fefec3d000 	C:\Windows\system32\WS2_32.dll
0x000007fefdcd0000 - 0x000007fefdcd8000 	C:\Windows\system32\NSI.dll
0x000007fefb2e0000 - 0x000007fefb31b000 	C:\Windows\system32\WINMM.dll
0x0000000077d20000 - 0x0000000077d27000 	C:\Windows\system32\PSAPI.DLL
0x000000006a3d0000 - 0x000000006a3df000 	C:\Program Files\Java\jdk1.8.0_31\jre\bin\verify.dll
0x0000000051fb0000 - 0x0000000051fd8000 	C:\Program Files\Java\jdk1.8.0_31\jre\bin\java.dll
0x0000000051ff0000 - 0x0000000052006000 	C:\Program Files\Java\jdk1.8.0_31\jre\bin\zip.dll
0x000007feff030000 - 0x000007feffdb8000 	C:\Windows\system32\SHELL32.dll
0x000007fefed70000 - 0x000007fefef73000 	C:\Windows\system32\ole32.dll
0x000007fefd910000 - 0x000007fefd91f000 	C:\Windows\system32\profapi.dll
0x000007feeeaf0000 - 0x000007feeec15000 	C:\Windows\system32\dbghelp.dll

VM Arguments:
jvm_args: -Xmx1024M -Dfile.encoding=windows-1252 -Duser.country=US -Duser.language=en -Duser.variant 
java_command: com.android.dx.command.Main --dex --output O:\ANDROID-DEVELOPMENT\QferizTrafficInfo\app\build\intermediates\pre-dexed\debug\classes-ccc4aa3ba8e15612f1fb1bec1fc47a4ef4a6b6aa.jar O:\ANDROID-DEVELOPMENT\QferizTrafficInfo\app\build\intermediates\exploded-aar\com.android.support\support-v4\22.0.0\classes.jar
java_class_path (initial): O:\ADT-ANDROID-DEVTOOLS-25102014\ADT-x86-20140702\sdk\build-tools\22.0.1\lib\dx.jar
Launcher Type: SUN_STANDARD

Environment Variables:
JAVA_HOME=C:\Program Files\Java\jdk1.8.0_31
CLASSPATH=.;C:\PROGRA~2\IBM\SQLLIB\java\db2java.zip;C:\PROGRA~2\IBM\SQLLIB\java\db2jcc.jar;C:\PROGRA~2\IBM\SQLLIB\java\sqlj.zip;C:\PROGRA~2\IBM\SQLLIB\java\db2jcc_license_cu.jar;C:\PROGRA~2\IBM\SQLLIB\bin;C:\PROGRA~2\IBM\SQLLIB\java\common.jar
PATH=C:\ProgramData\Oracle\Java\javapath;E:\Program Files\Embarcadero\RAD Studio\12.0\bin;C:\Users\Public\Documents\RAD Studio\12.0\Bpl;E:\Program Files\Embarcadero\RAD Studio\12.0\bin64;C:\Users\Public\Documents\RAD Studio\12.0\Bpl\Win64;C:\Program Files (x86)\ActiveState Komodo IDE 8\;C:\Program Files (x86)\CollabNet;C:\Windows\system32;C:\Windows;C:\Windows\System32\Wbem;C:\Windows\System32\WindowsPowerShell\v1.0\;C:\Program Files\Broadcom\Broadcom 802.11\Driver;C:\Program Files\WIDCOMM\Bluetooth Software\;C:\Program Files\WIDCOMM\Bluetooth Software\syswow64;C:\PROGRA~2\IBM\SQLLIB\BIN;C:\PROGRA~2\IBM\SQLLIB\FUNCTION;C:\PROGRA~2\IBM\SQLLIB\SAMPLES\REPL
USERNAME=Qferiz
OS=Windows_NT
PROCESSOR_IDENTIFIER=Intel64 Family 6 Model 23 Stepping 10, GenuineIntel



---------------  S Y S T E M  ---------------

OS: Windows 7 , 64 bit Build 7601 Service Pack 1

CPU:total 2 (2 cores per cpu, 1 threads per core) family 6 model 23 stepping 10, cmov, cx8, fxsr, mmx, sse, sse2, sse3, ssse3, sse4.1, tsc

Memory: 4k page, physical 4157396k(705100k free), swap 6252684k(6168k free)

vm_info: Java HotSpot(TM) 64-Bit Server VM (25.31-b07) for windows-amd64 JRE (1.8.0_31-b13), built on Dec 17 2014 21:00:28 by "java_re" with MS VC++ 10.0 (VS2010)

time: Sun Mar 22 03:02:14 2015
elapsed time: 18 seconds (0d 0h 0m 18s)

