#
# There is insufficient memory for the Java Runtime Environment to continue.
# Native memory allocation (malloc) failed to allocate 32744 bytes for ChunkPool::allocate
# Possible reasons:
#   The system is out of physical RAM or swap space
#   In 32 bit mode, the process size limit was hit
# Possible solutions:
#   Reduce memory load on the system
#   Increase physical memory or swap space
#   Check if swap backing store is full
#   Use 64 bit Java on a 64 bit OS
#   Decrease Java heap size (-Xmx/-Xms)
#   Decrease number of Java threads
#   Decrease Java thread stack sizes (-Xss)
#   Set larger code cache with -XX:ReservedCodeCacheSize=
# This output file may be truncated or incomplete.
#
#  Out of Memory Error (allocation.cpp:273), pid=7912, tid=700
#
# JRE version: Java(TM) SE Runtime Environment (8.0_31-b13) (build 1.8.0_31-b13)
# Java VM: Java HotSpot(TM) 64-Bit Server VM (25.31-b07 mixed mode windows-amd64 compressed oops)
# Failed to write core dump. Minidumps are not enabled by default on client versions of Windows
#

---------------  T H R E A D  ---------------

Current thread (0x0000000014c08800):  JavaThread "C2 CompilerThread0" daemon [_thread_in_native, id=700, stack(0x0000000016070000,0x0000000016170000)]

Stack: [0x0000000016070000,0x0000000016170000]
Native frames: (J=compiled Java code, j=interpreted, Vv=VM code, C=native code)
V  [jvm.dll+0x3169ba]
V  [jvm.dll+0x2674c3]
V  [jvm.dll+0x268103]
V  [jvm.dll+0x25f8f5]
V  [jvm.dll+0xbed81]
V  [jvm.dll+0xbf4cc]
V  [jvm.dll+0x4ecfbb]
V  [jvm.dll+0x446be1]
V  [jvm.dll+0x451bce]
V  [jvm.dll+0x4541b8]
V  [jvm.dll+0x437c62]
V  [jvm.dll+0x988e2]
V  [jvm.dll+0x990d3]
V  [jvm.dll+0x22c194]
V  [jvm.dll+0x28576a]
C  [msvcr100.dll+0x21d9f]
C  [msvcr100.dll+0x21e3b]
C  [kernel32.dll+0x1652d]
C  [ntdll.dll+0x2c541]


Current CompileTask:
C2:   5386 1377   !   4       com.android.dx.cf.cst.ConstantPoolParser::parse0 (731 bytes)


---------------  P R O C E S S  ---------------

Java Threads: ( => current thread )
  0x0000000014c6e000 JavaThread "Service Thread" daemon [_thread_blocked, id=5736, stack(0x00000000167e0000,0x00000000168e0000)]
  0x0000000014c0d000 JavaThread "C1 CompilerThread1" daemon [_thread_in_native, id=5148, stack(0x00000000161f0000,0x00000000162f0000)]
=>0x0000000014c08800 JavaThread "C2 CompilerThread0" daemon [_thread_in_native, id=700, stack(0x0000000016070000,0x0000000016170000)]
  0x0000000014c07000 JavaThread "Attach Listener" daemon [_thread_blocked, id=2928, stack(0x0000000015ee0000,0x0000000015fe0000)]
  0x0000000014c06000 JavaThread "Signal Dispatcher" daemon [_thread_blocked, id=5484, stack(0x0000000015cc0000,0x0000000015dc0000)]
  0x0000000014ba8800 JavaThread "Finalizer" daemon [_thread_blocked, id=5456, stack(0x0000000015b30000,0x0000000015c30000)]
  0x0000000014b9f800 JavaThread "Reference Handler" daemon [_thread_blocked, id=2164, stack(0x0000000015970000,0x0000000015a70000)]
  0x000000000028e000 JavaThread "main" [_thread_in_Java, id=5612, stack(0x0000000002470000,0x0000000002570000)]

Other Threads:
  0x0000000014b9b800 VMThread [stack: 0x0000000015730000,0x0000000015830000] [id=6604]
  0x0000000016304800 WatcherThread [stack: 0x00000000169f0000,0x0000000016af0000] [id=6736]

VM state:not at safepoint (normal execution)

VM Mutex/Monitor currently owned by a thread: None

Heap:
 PSYoungGen      total 18944K, used 9284K [0x00000000eab00000, 0x00000000ec000000, 0x0000000100000000)
  eden space 16384K, 41% used [0x00000000eab00000,0x00000000eb199260,0x00000000ebb00000)
  from space 2560K, 98% used [0x00000000ebb00000,0x00000000ebd78028,0x00000000ebd80000)
  to   space 2560K, 0% used [0x00000000ebd80000,0x00000000ebd80000,0x00000000ec000000)
 ParOldGen       total 44032K, used 11567K [0x00000000c0000000, 0x00000000c2b00000, 0x00000000eab00000)
  object space 44032K, 26% used [0x00000000c0000000,0x00000000c0b4be98,0x00000000c2b00000)
 Metaspace       used 6003K, capacity 7216K, committed 7296K, reserved 1056768K
  class space    used 575K, capacity 616K, committed 640K, reserved 1048576K

Card table byte_map: [0x0000000011c00000,0x0000000011e10000] byte_map_base: 0x0000000011600000

Marking Bits: (ParMarkBitMap*) 0x0000000053cbd4f0
 Begin Bits: [0x0000000012070000, 0x0000000013070000)
 End Bits:   [0x0000000013070000, 0x0000000014070000)

Polling page: 0x0000000000230000

CodeCache: size=245760Kb used=5913Kb max_used=5913Kb free=239846Kb
 bounds [0x0000000002840000, 0x0000000002e10000, 0x0000000011840000]
 total_blobs=1695 nmethods=1435 adapters=175
 compilation: enabled

Compilation events (10 events):
Event: 4.164 Thread 0x0000000014c0d000 nmethod 1436 0x0000000002e05d50 code [0x0000000002e05ee0, 0x0000000002e06368]
Event: 4.172 Thread 0x0000000014c0d000 1437       1       com.android.dx.rop.cst.TypedConstant::isConstant (2 bytes)
Event: 4.173 Thread 0x0000000014c0d000 nmethod 1437 0x0000000002e06550 code [0x0000000002e066a0, 0x0000000002e067b0]
Event: 4.176 Thread 0x0000000014c0d000 1438       3       java.util.Collections::unmodifiableCollection (9 bytes)
Event: 4.177 Thread 0x0000000014c0d000 nmethod 1438 0x0000000002e06810 code [0x0000000002e06980, 0x0000000002e06ca8]
Event: 4.177 Thread 0x0000000014c0d000 1439       3       com.android.dx.dex.file.DexFile::internIfAppropriate (128 bytes)
Event: 4.178 Thread 0x0000000014c0d000 nmethod 1439 0x0000000002e06e10 code [0x0000000002e070a0, 0x0000000002e08578]
Event: 4.256 Thread 0x0000000014c0d000 1440       3       com.android.dx.rop.code.ThrowingInsn::accept (8 bytes)
Event: 4.256 Thread 0x0000000014c0d000 nmethod 1440 0x0000000002e08a90 code [0x0000000002e08c00, 0x0000000002e08e28]
Event: 4.268 Thread 0x0000000014c0d000 1441   !   3       java.util.zip.ZipFile::releaseInflater (41 bytes)

GC Heap History (6 events):
Event: 2.584 GC heap before
{Heap before GC invocations=1 (full 0):
 PSYoungGen      total 18944K, used 16384K [0x00000000eab00000, 0x00000000ec000000, 0x0000000100000000)
  eden space 16384K, 100% used [0x00000000eab00000,0x00000000ebb00000,0x00000000ebb00000)
  from space 2560K, 0% used [0x00000000ebd80000,0x00000000ebd80000,0x00000000ec000000)
  to   space 2560K, 0% used [0x00000000ebb00000,0x00000000ebb00000,0x00000000ebd80000)
 ParOldGen       total 44032K, used 0K [0x00000000c0000000, 0x00000000c2b00000, 0x00000000eab00000)
  object space 44032K, 0% used [0x00000000c0000000,0x00000000c0000000,0x00000000c2b00000)
 Metaspace       used 5481K, capacity 6768K, committed 7040K, reserved 1056768K
  class space    used 547K, capacity 616K, committed 640K, reserved 1048576K
Event: 2.597 GC heap after
Heap after GC invocations=1 (full 0):
 PSYoungGen      total 18944K, used 2532K [0x00000000eab00000, 0x00000000ec000000, 0x0000000100000000)
  eden space 16384K, 0% used [0x00000000eab00000,0x00000000eab00000,0x00000000ebb00000)
  from space 2560K, 98% used [0x00000000ebb00000,0x00000000ebd792a0,0x00000000ebd80000)
  to   space 2560K, 0% used [0x00000000ebd80000,0x00000000ebd80000,0x00000000ec000000)
 ParOldGen       total 44032K, used 1475K [0x00000000c0000000, 0x00000000c2b00000, 0x00000000eab00000)
  object space 44032K, 3% used [0x00000000c0000000,0x00000000c0170f18,0x00000000c2b00000)
 Metaspace       used 5481K, capacity 6768K, committed 7040K, reserved 1056768K
  class space    used 547K, capacity 616K, committed 640K, reserved 1048576K
}
Event: 3.414 GC heap before
{Heap before GC invocations=2 (full 0):
 PSYoungGen      total 18944K, used 18916K [0x00000000eab00000, 0x00000000ec000000, 0x0000000100000000)
  eden space 16384K, 100% used [0x00000000eab00000,0x00000000ebb00000,0x00000000ebb00000)
  from space 2560K, 98% used [0x00000000ebb00000,0x00000000ebd792a0,0x00000000ebd80000)
  to   space 2560K, 0% used [0x00000000ebd80000,0x00000000ebd80000,0x00000000ec000000)
 ParOldGen       total 44032K, used 1475K [0x00000000c0000000, 0x00000000c2b00000, 0x00000000eab00000)
  object space 44032K, 3% used [0x00000000c0000000,0x00000000c0170f18,0x00000000c2b00000)
 Metaspace       used 5758K, capacity 7024K, committed 7296K, reserved 1056768K
  class space    used 554K, capacity 616K, committed 640K, reserved 1048576K
Event: 3.467 GC heap after
Heap after GC invocations=2 (full 0):
 PSYoungGen      total 18944K, used 2528K [0x00000000eab00000, 0x00000000ec000000, 0x0000000100000000)
  eden space 16384K, 0% used [0x00000000eab00000,0x00000000eab00000,0x00000000ebb00000)
  from space 2560K, 98% used [0x00000000ebd80000,0x00000000ebff8048,0x00000000ec000000)
  to   space 2560K, 0% used [0x00000000ebb00000,0x00000000ebb00000,0x00000000ebd80000)
 ParOldGen       total 44032K, used 3876K [0x00000000c0000000, 0x00000000c2b00000, 0x00000000eab00000)
  object space 44032K, 8% used [0x00000000c0000000,0x00000000c03c9170,0x00000000c2b00000)
 Metaspace       used 5758K, capacity 7024K, committed 7296K, reserved 1056768K
  class space    used 554K, capacity 616K, committed 640K, reserved 1048576K
}
Event: 4.181 GC heap before
{Heap before GC invocations=3 (full 0):
 PSYoungGen      total 18944K, used 18912K [0x00000000eab00000, 0x00000000ec000000, 0x0000000100000000)
  eden space 16384K, 100% used [0x00000000eab00000,0x00000000ebb00000,0x00000000ebb00000)
  from space 2560K, 98% used [0x00000000ebd80000,0x00000000ebff8048,0x00000000ec000000)
  to   space 2560K, 0% used [0x00000000ebb00000,0x00000000ebb00000,0x00000000ebd80000)
 ParOldGen       total 44032K, used 3876K [0x00000000c0000000, 0x00000000c2b00000, 0x00000000eab00000)
  object space 44032K, 8% used [0x00000000c0000000,0x00000000c03c9170,0x00000000c2b00000)
 Metaspace       used 5805K, capacity 7024K, committed 7296K, reserved 1056768K
  class space    used 554K, capacity 616K, committed 640K, reserved 1048576K
Event: 4.246 GC heap after
Heap after GC invocations=3 (full 0):
 PSYoungGen      total 18944K, used 2528K [0x00000000eab00000, 0x00000000ec000000, 0x0000000100000000)
  eden space 16384K, 0% used [0x00000000eab00000,0x00000000eab00000,0x00000000ebb00000)
  from space 2560K, 98% used [0x00000000ebb00000,0x00000000ebd78028,0x00000000ebd80000)
  to   space 2560K, 0% used [0x00000000ebd80000,0x00000000ebd80000,0x00000000ec000000)
 ParOldGen       total 44032K, used 6462K [0x00000000c0000000, 0x00000000c2b00000, 0x00000000eab00000)
  object space 44032K, 14% used [0x00000000c0000000,0x00000000c064fab0,0x00000000c2b00000)
 Metaspace       used 5805K, capacity 7024K, committed 7296K, reserved 1056768K
  class space    used 554K, capacity 616K, committed 640K, reserved 1048576K
}

Deoptimization events (1 events):
Event: 3.936 Thread 0x000000000028e000 Uncommon trap: reason=unreached action=reinterpret pc=0x0000000002b5ca04 method=com.android.dx.rop.cst.Constant.compareTo(Lcom/android/dx/rop/cst/Constant;)I @ 12

Internal exceptions (10 events):
Event: 2.650 Thread 0x000000000028e000 Exception <a 'java/security/PrivilegedActionException'> (0x00000000eabb8158) thrown at [C:\workspace\8-2-build-windows-amd64-cygwin\jdk8u31\2394\hotspot\src\share\vm\prims\jvm.cpp, line 1312]
Event: 2.651 Thread 0x000000000028e000 Exception <a 'java/security/PrivilegedActionException'> (0x00000000eabbd7d0) thrown at [C:\workspace\8-2-build-windows-amd64-cygwin\jdk8u31\2394\hotspot\src\share\vm\prims\jvm.cpp, line 1312]
Event: 2.678 Thread 0x000000000028e000 Exception <a 'java/security/PrivilegedActionException'> (0x00000000eacd4970) thrown at [C:\workspace\8-2-build-windows-amd64-cygwin\jdk8u31\2394\hotspot\src\share\vm\prims\jvm.cpp, line 1312]
Event: 2.964 Thread 0x000000000028e000 Exception <a 'java/security/PrivilegedActionException'> (0x00000000eb010830) thrown at [C:\workspace\8-2-build-windows-amd64-cygwin\jdk8u31\2394\hotspot\src\share\vm\prims\jvm.cpp, line 1312]
Event: 2.966 Thread 0x000000000028e000 Exception <a 'java/security/PrivilegedActionException'> (0x00000000eb01ab28) thrown at [C:\workspace\8-2-build-windows-amd64-cygwin\jdk8u31\2394\hotspot\src\share\vm\prims\jvm.cpp, line 1312]
Event: 2.967 Thread 0x000000000028e000 Exception <a 'java/security/PrivilegedActionException'> (0x00000000eb01d410) thrown at [C:\workspace\8-2-build-windows-amd64-cygwin\jdk8u31\2394\hotspot\src\share\vm\prims\jvm.cpp, line 1312]
Event: 2.977 Thread 0x000000000028e000 Exception <a 'java/security/PrivilegedActionException'> (0x00000000eb03f8a8) thrown at [C:\workspace\8-2-build-windows-amd64-cygwin\jdk8u31\2394\hotspot\src\share\vm\prims\jvm.cpp, line 1312]
Event: 2.979 Thread 0x000000000028e000 Exception <a 'java/security/PrivilegedActionException'> (0x00000000eb045418) thrown at [C:\workspace\8-2-build-windows-amd64-cygwin\jdk8u31\2394\hotspot\src\share\vm\prims\jvm.cpp, line 1312]
Event: 2.981 Thread 0x000000000028e000 Exception <a 'java/security/PrivilegedActionException'> (0x00000000eb04ac68) thrown at [C:\workspace\8-2-build-windows-amd64-cygwin\jdk8u31\2394\hotspot\src\share\vm\prims\jvm.cpp, line 1312]
Event: 3.303 Thread 0x000000000028e000 Exception <a 'java/security/PrivilegedActionException'> (0x00000000eb6c8718) thrown at [C:\workspace\8-2-build-windows-amd64-cygwin\jdk8u31\2394\hotspot\src\share\vm\prims\jvm.cpp, line 1312]

Events (10 events):
Event: 2.981 loading class com/android/dx/dex/file/AnnotationSetRefItem done
Event: 3.303 loading class com/android/dx/cf/attrib/AttExceptions
Event: 3.303 loading class com/android/dx/cf/attrib/AttExceptions done
Event: 3.414 Executing VM operation: ParallelGCFailedAllocation
Event: 3.467 Executing VM operation: ParallelGCFailedAllocation done
Event: 3.936 Thread 0x000000000028e000 Uncommon trap: trap_request=0xffffffad fr.pc=0x0000000002b5ca04
Event: 3.936 Thread 0x000000000028e000 DEOPT PACKING pc=0x0000000002b5ca04 sp=0x000000000256e010
Event: 3.936 Thread 0x000000000028e000 DEOPT UNPACKING pc=0x000000000288556a sp=0x000000000256dfb0 mode 2
Event: 4.181 Executing VM operation: ParallelGCFailedAllocation
Event: 4.246 Executing VM operation: ParallelGCFailedAllocation done


Dynamic libraries:
0x000000013f4f0000 - 0x000000013f524000 	C:\Program Files\Java\jdk1.8.0_31\bin\java.exe
0x00000000770c0000 - 0x0000000077269000 	C:\Windows\SYSTEM32\ntdll.dll
0x0000000076fa0000 - 0x00000000770bf000 	C:\Windows\system32\kernel32.dll
0x000007fefceb0000 - 0x000007fefcf1b000 	C:\Windows\system32\KERNELBASE.dll
0x000007feff250000 - 0x000007feff32b000 	C:\Windows\system32\ADVAPI32.dll
0x000007fefe0f0000 - 0x000007fefe18f000 	C:\Windows\system32\msvcrt.dll
0x000007feff050000 - 0x000007feff06f000 	C:\Windows\SYSTEM32\sechost.dll
0x000007fefe190000 - 0x000007fefe2bd000 	C:\Windows\system32\RPCRT4.dll
0x0000000076ea0000 - 0x0000000076f9a000 	C:\Windows\system32\USER32.dll
0x000007fefefe0000 - 0x000007feff047000 	C:\Windows\system32\GDI32.dll
0x000007fefe8b0000 - 0x000007fefe8be000 	C:\Windows\system32\LPK.dll
0x000007fefe7e0000 - 0x000007fefe8a9000 	C:\Windows\system32\USP10.dll
0x000007fefb940000 - 0x000007fefbb34000 	C:\Windows\WinSxS\amd64_microsoft.windows.common-controls_6595b64144ccf1df_6.0.7601.17514_none_fa396087175ac9ac\COMCTL32.dll
0x000007feff330000 - 0x000007feff3a1000 	C:\Windows\system32\SHLWAPI.dll
0x000007fefd240000 - 0x000007fefd26e000 	C:\Windows\system32\IMM32.DLL
0x000007fefe2c0000 - 0x000007fefe3c9000 	C:\Windows\system32\MSCTF.dll
0x0000000062680000 - 0x0000000062752000 	C:\Program Files\Java\jdk1.8.0_31\jre\bin\msvcr100.dll
0x00000000534e0000 - 0x0000000053d3a000 	C:\Program Files\Java\jdk1.8.0_31\jre\bin\server\jvm.dll
0x000007fefbe30000 - 0x000007fefbe39000 	C:\Windows\system32\WSOCK32.dll
0x000007fefe000000 - 0x000007fefe04d000 	C:\Windows\system32\WS2_32.dll
0x000007fefece0000 - 0x000007fefece8000 	C:\Windows\system32\NSI.dll
0x000007fefa850000 - 0x000007fefa88b000 	C:\Windows\system32\WINMM.dll
0x0000000077290000 - 0x0000000077297000 	C:\Windows\system32\PSAPI.DLL
0x00000000749b0000 - 0x00000000749bf000 	C:\Program Files\Java\jdk1.8.0_31\jre\bin\verify.dll
0x0000000065a40000 - 0x0000000065a68000 	C:\Program Files\Java\jdk1.8.0_31\jre\bin\java.dll
0x000000006b1f0000 - 0x000000006b206000 	C:\Program Files\Java\jdk1.8.0_31\jre\bin\zip.dll
0x000007fefd270000 - 0x000007fefdff8000 	C:\Windows\system32\SHELL32.dll
0x000007fefea50000 - 0x000007fefec53000 	C:\Windows\system32\ole32.dll
0x000007fefce80000 - 0x000007fefce8f000 	C:\Windows\system32\profapi.dll
0x000007feec9f0000 - 0x000007feecb15000 	C:\Windows\system32\dbghelp.dll

VM Arguments:
jvm_args: -Xmx1024M -Dfile.encoding=windows-1252 -Duser.country=US -Duser.language=en -Duser.variant 
java_command: com.android.dx.command.Main --dex --output O:\ANDROID-DEVELOPMENT\QferizTrafficInfo\app\build\intermediates\pre-dexed\debug\internal_impl-22.0.0-1a32fd6901c52649b0a110a643d9cb3a3e12846f.jar O:\ANDROID-DEVELOPMENT\QferizTrafficInfo\app\build\intermediates\exploded-aar\com.android.support\support-v4\22.0.0\libs\internal_impl-22.0.0.jar
java_class_path (initial): O:\ADT-ANDROID-DEVTOOLS-25102014\ADT-x86-20140702\sdk\build-tools\22.0.1\lib\dx.jar
Launcher Type: SUN_STANDARD

Environment Variables:
JAVA_HOME=C:\Program Files\Java\jdk1.8.0_31
CLASSPATH=.;C:\PROGRA~2\IBM\SQLLIB\java\db2java.zip;C:\PROGRA~2\IBM\SQLLIB\java\db2jcc.jar;C:\PROGRA~2\IBM\SQLLIB\java\sqlj.zip;C:\PROGRA~2\IBM\SQLLIB\java\db2jcc_license_cu.jar;C:\PROGRA~2\IBM\SQLLIB\bin;C:\PROGRA~2\IBM\SQLLIB\java\common.jar
PATH=C:\ProgramData\Oracle\Java\javapath;E:\Program Files\Embarcadero\RAD Studio\12.0\bin;C:\Users\Public\Documents\RAD Studio\12.0\Bpl;E:\Program Files\Embarcadero\RAD Studio\12.0\bin64;C:\Users\Public\Documents\RAD Studio\12.0\Bpl\Win64;C:\Program Files (x86)\ActiveState Komodo IDE 8\;C:\Program Files (x86)\CollabNet;C:\Windows\system32;C:\Windows;C:\Windows\System32\Wbem;C:\Windows\System32\WindowsPowerShell\v1.0\;C:\Program Files\Broadcom\Broadcom 802.11\Driver;C:\Program Files\WIDCOMM\Bluetooth Software\;C:\Program Files\WIDCOMM\Bluetooth Software\syswow64;C:\PROGRA~2\IBM\SQLLIB\BIN;C:\PROGRA~2\IBM\SQLLIB\FUNCTION;C:\PROGRA~2\IBM\SQLLIB\SAMPLES\REPL
USERNAME=Qferiz
OS=Windows_NT
PROCESSOR_IDENTIFIER=Intel64 Family 6 Model 23 Stepping 10, GenuineIntel



---------------  S Y S T E M  ---------------

OS: Windows 7 , 64 bit Build 7601 Service Pack 1

CPU:total 2 (2 cores per cpu, 1 threads per core) family 6 model 23 stepping 10, cmov, cx8, fxsr, mmx, sse, sse2, sse3, ssse3, sse4.1, tsc

Memory: 4k page, physical 4157396k(524592k free), swap 6252684k(4416k free)

vm_info: Java HotSpot(TM) 64-Bit Server VM (25.31-b07) for windows-amd64 JRE (1.8.0_31-b13), built on Dec 17 2014 21:00:28 by "java_re" with MS VC++ 10.0 (VS2010)

time: Sun Mar 22 17:16:30 2015
elapsed time: 5 seconds (0d 0h 0m 5s)

