#
# There is insufficient memory for the Java Runtime Environment to continue.
# Native memory allocation (malloc) failed to allocate 1123376 bytes for Chunk::new
# Possible reasons:
#   The system is out of physical RAM or swap space
#   In 32 bit mode, the process size limit was hit
# Possible solutions:
#   Reduce memory load on the system
#   Increase physical memory or swap space
#   Check if swap backing store is full
#   Use 64 bit Java on a 64 bit OS
#   Decrease Java heap size (-Xmx/-Xms)
#   Decrease number of Java threads
#   Decrease Java thread stack sizes (-Xss)
#   Set larger code cache with -XX:ReservedCodeCacheSize=
# This output file may be truncated or incomplete.
#
#  Out of Memory Error (allocation.cpp:390), pid=1188, tid=6588
#
# JRE version: Java(TM) SE Runtime Environment (8.0_31-b13) (build 1.8.0_31-b13)
# Java VM: Java HotSpot(TM) 64-Bit Server VM (25.31-b07 mixed mode windows-amd64 compressed oops)
# Failed to write core dump. Minidumps are not enabled by default on client versions of Windows
#

---------------  T H R E A D  ---------------

Current thread (0x0000000014dec000):  JavaThread "C2 CompilerThread0" daemon [_thread_in_native, id=6588, stack(0x0000000015df0000,0x0000000015ef0000)]

Stack: [0x0000000015df0000,0x0000000015ef0000]
Native frames: (J=compiled Java code, j=interpreted, Vv=VM code, C=native code)
V  [jvm.dll+0x3169ba]
V  [jvm.dll+0x2674c3]
V  [jvm.dll+0x268103]
V  [jvm.dll+0x25f8f5]
V  [jvm.dll+0xbf025]
V  [jvm.dll+0xbf4cc]
V  [jvm.dll+0x4798bc]
V  [jvm.dll+0x446e60]
V  [jvm.dll+0x451bce]
V  [jvm.dll+0x4541b8]
V  [jvm.dll+0x437c62]
V  [jvm.dll+0x988e2]
V  [jvm.dll+0x990d3]
V  [jvm.dll+0x22c194]
V  [jvm.dll+0x28576a]
C  [msvcr100.dll+0x21d9f]
C  [msvcr100.dll+0x21e3b]
C  [kernel32.dll+0x1652d]
C  [ntdll.dll+0x2c541]


Current CompileTask:
C2:  17865 1883   !   4       com.android.dx.cf.code.RopperMachine::run (1550 bytes)


---------------  P R O C E S S  ---------------

Java Threads: ( => current thread )
  0x00000000161f2800 JavaThread "Service Thread" daemon [_thread_blocked, id=7724, stack(0x0000000016610000,0x0000000016710000)]
  0x0000000014df0800 JavaThread "C1 CompilerThread1" daemon [_thread_blocked, id=6672, stack(0x00000000160d0000,0x00000000161d0000)]
=>0x0000000014dec000 JavaThread "C2 CompilerThread0" daemon [_thread_in_native, id=6588, stack(0x0000000015df0000,0x0000000015ef0000)]
  0x0000000014deb000 JavaThread "Attach Listener" daemon [_thread_blocked, id=8124, stack(0x0000000015f30000,0x0000000016030000)]
  0x0000000014de9800 JavaThread "Signal Dispatcher" daemon [_thread_blocked, id=208, stack(0x0000000015b20000,0x0000000015c20000)]
  0x0000000014d88800 JavaThread "Finalizer" daemon [_thread_blocked, id=1364, stack(0x0000000015c90000,0x0000000015d90000)]
  0x0000000014d7f800 JavaThread "Reference Handler" daemon [_thread_blocked, id=3672, stack(0x00000000159d0000,0x0000000015ad0000)]
  0x000000000222e000 JavaThread "main" [_thread_in_Java, id=3784, stack(0x0000000002620000,0x0000000002720000)]

Other Threads:
  0x0000000014d7b800 VMThread [stack: 0x00000000157e0000,0x00000000158e0000] [id=5088]
  0x00000000161f5800 WatcherThread [stack: 0x0000000016820000,0x0000000016920000] [id=7868]

VM state:not at safepoint (normal execution)

VM Mutex/Monitor currently owned by a thread: None

Heap:
 PSYoungGen      total 141312K, used 69150K [0x00000000eab00000, 0x00000000f4900000, 0x0000000100000000)
  eden space 128512K, 43% used [0x00000000eab00000,0x00000000ee2358d8,0x00000000f2880000)
  from space 12800K, 98% used [0x00000000f3780000,0x00000000f43d1fe0,0x00000000f4400000)
  to   space 15360K, 0% used [0x00000000f2880000,0x00000000f2880000,0x00000000f3780000)
 ParOldGen       total 44032K, used 24129K [0x00000000c0000000, 0x00000000c2b00000, 0x00000000eab00000)
  object space 44032K, 54% used [0x00000000c0000000,0x00000000c1790760,0x00000000c2b00000)
 Metaspace       used 6145K, capacity 7216K, committed 7296K, reserved 1056768K
  class space    used 583K, capacity 616K, committed 640K, reserved 1048576K

Card table byte_map: [0x0000000011db0000,0x0000000011fc0000] byte_map_base: 0x00000000117b0000

Marking Bits: (ParMarkBitMap*) 0x0000000050a4d4f0
 Begin Bits: [0x0000000012250000, 0x0000000013250000)
 End Bits:   [0x0000000013250000, 0x0000000014250000)

Polling page: 0x0000000000230000

CodeCache: size=245760Kb used=8450Kb max_used=8450Kb free=237309Kb
 bounds [0x00000000029f0000, 0x0000000003240000, 0x00000000119f0000]
 total_blobs=2174 nmethods=1915 adapters=174
 compilation: enabled

Compilation events (10 events):
Event: 17.582 Thread 0x0000000014df0800 1911       2       java.util.ComparableTimSort::binarySort (223 bytes)
Event: 17.583 Thread 0x0000000014df0800 nmethod 1911 0x0000000003209d90 code [0x0000000003209f40, 0x000000000320a538]
Event: 17.583 Thread 0x0000000014df0800 1912       2       com.android.dx.dex.file.EncodedField::addContents (15 bytes)
Event: 17.583 Thread 0x0000000014df0800 nmethod 1912 0x000000000320a990 code [0x000000000320ab00, 0x000000000320ac88]
Event: 17.584 Thread 0x0000000014df0800 1913       2       com.android.dx.dex.file.ClassDataItem::addContents (207 bytes)
Event: 17.586 Thread 0x0000000014df0800 nmethod 1913 0x000000000320ad90 code [0x000000000320b000, 0x000000000320b978]
Event: 17.586 Thread 0x0000000014df0800 1915       2       java.util.ComparableTimSort::countRunAndMakeAscending (123 bytes)
Event: 17.587 Thread 0x0000000014df0800 nmethod 1915 0x000000000320c450 code [0x000000000320c620, 0x000000000320cc48]
Event: 17.587 Thread 0x0000000014df0800 1914       2       java.util.ComparableTimSort::sort (219 bytes)
Event: 17.588 Thread 0x0000000014df0800 nmethod 1914 0x000000000320d0d0 code [0x000000000320d2a0, 0x000000000320d718]

GC Heap History (10 events):
Event: 3.918 GC heap before
{Heap before GC invocations=2 (full 0):
 PSYoungGen      total 18944K, used 18940K [0x00000000eab00000, 0x00000000ed000000, 0x0000000100000000)
  eden space 16384K, 100% used [0x00000000eab00000,0x00000000ebb00000,0x00000000ebb00000)
  from space 2560K, 99% used [0x00000000ebb00000,0x00000000ebd7f0d0,0x00000000ebd80000)
  to   space 2560K, 0% used [0x00000000ecd80000,0x00000000ecd80000,0x00000000ed000000)
 ParOldGen       total 44032K, used 1672K [0x00000000c0000000, 0x00000000c2b00000, 0x00000000eab00000)
  object space 44032K, 3% used [0x00000000c0000000,0x00000000c01a20a8,0x00000000c2b00000)
 Metaspace       used 5708K, capacity 6960K, committed 7040K, reserved 1056768K
  class space    used 555K, capacity 616K, committed 640K, reserved 1048576K
Event: 3.942 GC heap after
Heap after GC invocations=2 (full 0):
 PSYoungGen      total 35328K, used 2537K [0x00000000eab00000, 0x00000000ed000000, 0x0000000100000000)
  eden space 32768K, 0% used [0x00000000eab00000,0x00000000eab00000,0x00000000ecb00000)
  from space 2560K, 99% used [0x00000000ecd80000,0x00000000ecffa6a0,0x00000000ed000000)
  to   space 2560K, 0% used [0x00000000ecb00000,0x00000000ecb00000,0x00000000ecd80000)
 ParOldGen       total 44032K, used 3938K [0x00000000c0000000, 0x00000000c2b00000, 0x00000000eab00000)
  object space 44032K, 8% used [0x00000000c0000000,0x00000000c03d8ad8,0x00000000c2b00000)
 Metaspace       used 5708K, capacity 6960K, committed 7040K, reserved 1056768K
  class space    used 555K, capacity 616K, committed 640K, reserved 1048576K
}
Event: 5.856 GC heap before
{Heap before GC invocations=3 (full 0):
 PSYoungGen      total 35328K, used 35305K [0x00000000eab00000, 0x00000000ed000000, 0x0000000100000000)
  eden space 32768K, 100% used [0x00000000eab00000,0x00000000ecb00000,0x00000000ecb00000)
  from space 2560K, 99% used [0x00000000ecd80000,0x00000000ecffa6a0,0x00000000ed000000)
  to   space 2560K, 0% used [0x00000000ecb00000,0x00000000ecb00000,0x00000000ecd80000)
 ParOldGen       total 44032K, used 3938K [0x00000000c0000000, 0x00000000c2b00000, 0x00000000eab00000)
  object space 44032K, 8% used [0x00000000c0000000,0x00000000c03d8ad8,0x00000000c2b00000)
 Metaspace       used 5824K, capacity 7088K, committed 7296K, reserved 1056768K
  class space    used 557K, capacity 616K, committed 640K, reserved 1048576K
Event: 5.951 GC heap after
Heap after GC invocations=3 (full 0):
 PSYoungGen      total 35328K, used 2530K [0x00000000eab00000, 0x00000000ef000000, 0x0000000100000000)
  eden space 32768K, 0% used [0x00000000eab00000,0x00000000eab00000,0x00000000ecb00000)
  from space 2560K, 98% used [0x00000000ecb00000,0x00000000ecd78a50,0x00000000ecd80000)
  to   space 2560K, 0% used [0x00000000eed80000,0x00000000eed80000,0x00000000ef000000)
 ParOldGen       total 44032K, used 9236K [0x00000000c0000000, 0x00000000c2b00000, 0x00000000eab00000)
  object space 44032K, 20% used [0x00000000c0000000,0x00000000c0905068,0x00000000c2b00000)
 Metaspace       used 5824K, capacity 7088K, committed 7296K, reserved 1056768K
  class space    used 557K, capacity 616K, committed 640K, reserved 1048576K
}
Event: 6.353 GC heap before
{Heap before GC invocations=4 (full 0):
 PSYoungGen      total 35328K, used 35298K [0x00000000eab00000, 0x00000000ef000000, 0x0000000100000000)
  eden space 32768K, 100% used [0x00000000eab00000,0x00000000ecb00000,0x00000000ecb00000)
  from space 2560K, 98% used [0x00000000ecb00000,0x00000000ecd78a50,0x00000000ecd80000)
  to   space 2560K, 0% used [0x00000000eed80000,0x00000000eed80000,0x00000000ef000000)
 ParOldGen       total 44032K, used 9236K [0x00000000c0000000, 0x00000000c2b00000, 0x00000000eab00000)
  object space 44032K, 20% used [0x00000000c0000000,0x00000000c0905068,0x00000000c2b00000)
 Metaspace       used 5838K, capacity 7088K, committed 7296K, reserved 1056768K
  class space    used 557K, capacity 616K, committed 640K, reserved 1048576K
Event: 6.435 GC heap after
Heap after GC invocations=4 (full 0):
 PSYoungGen      total 68096K, used 2528K [0x00000000eab00000, 0x00000000ef000000, 0x0000000100000000)
  eden space 65536K, 0% used [0x00000000eab00000,0x00000000eab00000,0x00000000eeb00000)
  from space 2560K, 98% used [0x00000000eed80000,0x00000000eeff8300,0x00000000ef000000)
  to   space 2560K, 0% used [0x00000000eeb00000,0x00000000eeb00000,0x00000000eed80000)
 ParOldGen       total 44032K, used 14090K [0x00000000c0000000, 0x00000000c2b00000, 0x00000000eab00000)
  object space 44032K, 32% used [0x00000000c0000000,0x00000000c0dc2a20,0x00000000c2b00000)
 Metaspace       used 5838K, capacity 7088K, committed 7296K, reserved 1056768K
  class space    used 557K, capacity 616K, committed 640K, reserved 1048576K
}
Event: 13.520 GC heap before
{Heap before GC invocations=5 (full 0):
 PSYoungGen      total 68096K, used 68064K [0x00000000eab00000, 0x00000000ef000000, 0x0000000100000000)
  eden space 65536K, 100% used [0x00000000eab00000,0x00000000eeb00000,0x00000000eeb00000)
  from space 2560K, 98% used [0x00000000eed80000,0x00000000eeff8300,0x00000000ef000000)
  to   space 2560K, 0% used [0x00000000eeb00000,0x00000000eeb00000,0x00000000eed80000)
 ParOldGen       total 44032K, used 14090K [0x00000000c0000000, 0x00000000c2b00000, 0x00000000eab00000)
  object space 44032K, 32% used [0x00000000c0000000,0x00000000c0dc2a20,0x00000000c2b00000)
 Metaspace       used 5967K, capacity 7088K, committed 7296K, reserved 1056768K
  class space    used 575K, capacity 616K, committed 640K, reserved 1048576K
Event: 13.794 GC heap after
Heap after GC invocations=5 (full 0):
 PSYoungGen      total 68096K, used 2532K [0x00000000eab00000, 0x00000000f4400000, 0x0000000100000000)
  eden space 65536K, 0% used [0x00000000eab00000,0x00000000eab00000,0x00000000eeb00000)
  from space 2560K, 98% used [0x00000000eeb00000,0x00000000eed79050,0x00000000eed80000)
  to   space 12800K, 0% used [0x00000000f3780000,0x00000000f3780000,0x00000000f4400000)
 ParOldGen       total 44032K, used 24129K [0x00000000c0000000, 0x00000000c2b00000, 0x00000000eab00000)
  object space 44032K, 54% used [0x00000000c0000000,0x00000000c1790760,0x00000000c2b00000)
 Metaspace       used 5967K, capacity 7088K, committed 7296K, reserved 1056768K
  class space    used 575K, capacity 616K, committed 640K, reserved 1048576K
}
Event: 15.579 GC heap before
{Heap before GC invocations=6 (full 0):
 PSYoungGen      total 68096K, used 68068K [0x00000000eab00000, 0x00000000f4400000, 0x0000000100000000)
  eden space 65536K, 100% used [0x00000000eab00000,0x00000000eeb00000,0x00000000eeb00000)
  from space 2560K, 98% used [0x00000000eeb00000,0x00000000eed79050,0x00000000eed80000)
  to   space 12800K, 0% used [0x00000000f3780000,0x00000000f3780000,0x00000000f4400000)
 ParOldGen       total 44032K, used 24129K [0x00000000c0000000, 0x00000000c2b00000, 0x00000000eab00000)
  object space 44032K, 54% used [0x00000000c0000000,0x00000000c1790760,0x00000000c2b00000)
 Metaspace       used 6021K, capacity 7152K, committed 7296K, reserved 1056768K
  class space    used 576K, capacity 616K, committed 640K, reserved 1048576K
Event: 16.539 GC heap after
Heap after GC invocations=6 (full 0):
 PSYoungGen      total 141312K, used 12615K [0x00000000eab00000, 0x00000000f4900000, 0x0000000100000000)
  eden space 128512K, 0% used [0x00000000eab00000,0x00000000eab00000,0x00000000f2880000)
  from space 12800K, 98% used [0x00000000f3780000,0x00000000f43d1fe0,0x00000000f4400000)
  to   space 15360K, 0% used [0x00000000f2880000,0x00000000f2880000,0x00000000f3780000)
 ParOldGen       total 44032K, used 24129K [0x00000000c0000000, 0x00000000c2b00000, 0x00000000eab00000)
  object space 44032K, 54% used [0x00000000c0000000,0x00000000c1790760,0x00000000c2b00000)
 Metaspace       used 6021K, capacity 7152K, committed 7296K, reserved 1056768K
  class space    used 576K, capacity 616K, committed 640K, reserved 1048576K
}

Deoptimization events (10 events):
Event: 15.241 Thread 0x000000000222e000 Uncommon trap: reason=bimorphic action=maybe_recompile pc=0x00000000030549b8 method=com.android.dx.rop.code.RegisterSpec.withSimpleType()Lcom/android/dx/rop/code/RegisterSpec; @ 21
Event: 15.245 Thread 0x000000000222e000 Uncommon trap: reason=bimorphic action=maybe_recompile pc=0x00000000030549b8 method=com.android.dx.rop.code.RegisterSpec.withSimpleType()Lcom/android/dx/rop/code/RegisterSpec; @ 21
Event: 15.248 Thread 0x000000000222e000 Uncommon trap: reason=bimorphic action=maybe_recompile pc=0x00000000030549b8 method=com.android.dx.rop.code.RegisterSpec.withSimpleType()Lcom/android/dx/rop/code/RegisterSpec; @ 21
Event: 16.742 Thread 0x000000000222e000 Uncommon trap: reason=class_check action=maybe_recompile pc=0x00000000030411a4 method=com.android.dx.cf.code.RopperMachine.run(Lcom/android/dx/cf/code/Frame;II)V @ 310
Event: 16.811 Thread 0x000000000222e000 Uncommon trap: reason=class_check action=maybe_recompile pc=0x00000000030411a4 method=com.android.dx.cf.code.RopperMachine.run(Lcom/android/dx/cf/code/Frame;II)V @ 310
Event: 16.930 Thread 0x000000000222e000 Uncommon trap: reason=class_check action=maybe_recompile pc=0x00000000030411a4 method=com.android.dx.cf.code.RopperMachine.run(Lcom/android/dx/cf/code/Frame;II)V @ 310
Event: 17.028 Thread 0x000000000222e000 Uncommon trap: reason=class_check action=maybe_recompile pc=0x0000000002f9bb10 method=java.util.Arrays.hashCode([Ljava/lang/Object;)I @ 43
Event: 17.028 Thread 0x000000000222e000 Uncommon trap: reason=class_check action=maybe_recompile pc=0x0000000002f9bb10 method=java.util.Arrays.hashCode([Ljava/lang/Object;)I @ 43
Event: 17.028 Thread 0x000000000222e000 Uncommon trap: reason=class_check action=maybe_recompile pc=0x0000000002f9bb10 method=java.util.Arrays.hashCode([Ljava/lang/Object;)I @ 43
Event: 17.028 Thread 0x000000000222e000 Uncommon trap: reason=class_check action=maybe_recompile pc=0x0000000002f9bb10 method=java.util.Arrays.hashCode([Ljava/lang/Object;)I @ 43

Internal exceptions (10 events):
Event: 2.100 Thread 0x000000000222e000 Exception <a 'java/security/PrivilegedActionException'> (0x00000000eba08788) thrown at [C:\workspace\8-2-build-windows-amd64-cygwin\jdk8u31\2394\hotspot\src\share\vm\prims\jvm.cpp, line 1312]
Event: 3.362 Thread 0x000000000222e000 Exception <a 'java/security/PrivilegedActionException'> (0x00000000eae590a8) thrown at [C:\workspace\8-2-build-windows-amd64-cygwin\jdk8u31\2394\hotspot\src\share\vm\prims\jvm.cpp, line 1312]
Event: 4.001 Thread 0x000000000222e000 Exception <a 'java/security/PrivilegedActionException'> (0x00000000eaca76c8) thrown at [C:\workspace\8-2-build-windows-amd64-cygwin\jdk8u31\2394\hotspot\src\share\vm\prims\jvm.cpp, line 1312]
Event: 4.664 Thread 0x000000000222e000 Exception <a 'java/security/PrivilegedActionException'> (0x00000000eb1c8838) thrown at [C:\workspace\8-2-build-windows-amd64-cygwin\jdk8u31\2394\hotspot\src\share\vm\prims\jvm.cpp, line 1312]
Event: 5.623 Thread 0x000000000222e000 Exception <a 'java/security/PrivilegedActionException'> (0x00000000ebf91320) thrown at [C:\workspace\8-2-build-windows-amd64-cygwin\jdk8u31\2394\hotspot\src\share\vm\prims\jvm.cpp, line 1312]
Event: 8.594 Thread 0x000000000222e000 Exception <a 'java/lang/ArrayIndexOutOfBoundsException': 18> (0x00000000ebdc6b60) thrown at [C:\workspace\8-2-build-windows-amd64-cygwin\jdk8u31\2394\hotspot\src\share\vm\interpreter\interpreterRuntime.cpp, line 366]
Event: 8.594 Thread 0x000000000222e000 Exception <a 'java/lang/ArrayIndexOutOfBoundsException': 145> (0x00000000ebdc85f8) thrown at [C:\workspace\8-2-build-windows-amd64-cygwin\jdk8u31\2394\hotspot\src\share\vm\interpreter\interpreterRuntime.cpp, line 366]
Event: 8.606 Thread 0x000000000222e000 Exception <a 'java/lang/ArrayIndexOutOfBoundsException'> (0x00000000ebdc9810) thrown at [C:\workspace\8-2-build-windows-amd64-cygwin\jdk8u31\2394\hotspot\src\share\vm\runtime\sharedRuntime.cpp, line 604]
Event: 13.974 Thread 0x000000000222e000 Exception <a 'java/security/PrivilegedActionException'> (0x00000000eab08cf0) thrown at [C:\workspace\8-2-build-windows-amd64-cygwin\jdk8u31\2394\hotspot\src\share\vm\prims\jvm.cpp, line 1312]
Event: 17.080 Thread 0x000000000222e000 Exception <a 'java/security/PrivilegedActionException'> (0x00000000edbc91d0) thrown at [C:\workspace\8-2-build-windows-amd64-cygwin\jdk8u31\2394\hotspot\src\share\vm\prims\jvm.cpp, line 1312]

Events (10 events):
Event: 17.028 Thread 0x000000000222e000 Uncommon trap: trap_request=0xffffffde fr.pc=0x0000000002f9bb10
Event: 17.028 Thread 0x000000000222e000 DEOPT PACKING pc=0x0000000002f9bb10 sp=0x000000000271ee00
Event: 17.028 Thread 0x000000000222e000 DEOPT UNPACKING pc=0x0000000002a3556a sp=0x000000000271ed30 mode 2
Event: 17.028 Thread 0x000000000222e000 Uncommon trap: trap_request=0xffffffde fr.pc=0x0000000002f9bb10
Event: 17.028 Thread 0x000000000222e000 DEOPT PACKING pc=0x0000000002f9bb10 sp=0x000000000271eda0
Event: 17.028 Thread 0x000000000222e000 DEOPT UNPACKING pc=0x0000000002a3556a sp=0x000000000271ecd0 mode 2
Event: 17.028 loading class java/util/ComparableTimSort
Event: 17.028 loading class java/util/ComparableTimSort done
Event: 17.080 loading class com/android/dx/rop/cst/Zeroes
Event: 17.080 loading class com/android/dx/rop/cst/Zeroes done


Dynamic libraries:
0x000000013f0e0000 - 0x000000013f114000 	C:\Program Files\Java\jdk1.8.0_31\bin\java.exe
0x0000000077b50000 - 0x0000000077cf9000 	C:\Windows\SYSTEM32\ntdll.dll
0x0000000077930000 - 0x0000000077a4f000 	C:\Windows\system32\kernel32.dll
0x000007fefdc10000 - 0x000007fefdc7b000 	C:\Windows\system32\KERNELBASE.dll
0x000007fefeb10000 - 0x000007fefebeb000 	C:\Windows\system32\ADVAPI32.dll
0x000007feffdc0000 - 0x000007feffe5f000 	C:\Windows\system32\msvcrt.dll
0x000007fefdf30000 - 0x000007fefdf4f000 	C:\Windows\SYSTEM32\sechost.dll
0x000007fefec40000 - 0x000007fefed6d000 	C:\Windows\system32\RPCRT4.dll
0x0000000077a50000 - 0x0000000077b4a000 	C:\Windows\system32\USER32.dll
0x000007fefdec0000 - 0x000007fefdf27000 	C:\Windows\system32\GDI32.dll
0x000007fefef80000 - 0x000007fefef8e000 	C:\Windows\system32\LPK.dll
0x000007fefe000000 - 0x000007fefe0c9000 	C:\Windows\system32\USP10.dll
0x000007fefc3d0000 - 0x000007fefc5c4000 	C:\Windows\WinSxS\amd64_microsoft.windows.common-controls_6595b64144ccf1df_6.0.7601.17514_none_fa396087175ac9ac\COMCTL32.dll
0x000007fefdf50000 - 0x000007fefdfc1000 	C:\Windows\system32\SHLWAPI.dll
0x000007fefdfd0000 - 0x000007fefdffe000 	C:\Windows\system32\IMM32.DLL
0x000007fefea00000 - 0x000007fefeb09000 	C:\Windows\system32\MSCTF.dll
0x0000000057aa0000 - 0x0000000057b72000 	C:\Program Files\Java\jdk1.8.0_31\jre\bin\msvcr100.dll
0x0000000050270000 - 0x0000000050aca000 	C:\Program Files\Java\jdk1.8.0_31\jre\bin\server\jvm.dll
0x000007fefb990000 - 0x000007fefb999000 	C:\Windows\system32\WSOCK32.dll
0x000007fefebf0000 - 0x000007fefec3d000 	C:\Windows\system32\WS2_32.dll
0x000007fefdcd0000 - 0x000007fefdcd8000 	C:\Windows\system32\NSI.dll
0x000007fefb2e0000 - 0x000007fefb31b000 	C:\Windows\system32\WINMM.dll
0x0000000077d20000 - 0x0000000077d27000 	C:\Windows\system32\PSAPI.DLL
0x000000006a3d0000 - 0x000000006a3df000 	C:\Program Files\Java\jdk1.8.0_31\jre\bin\verify.dll
0x0000000051fb0000 - 0x0000000051fd8000 	C:\Program Files\Java\jdk1.8.0_31\jre\bin\java.dll
0x0000000051ff0000 - 0x0000000052006000 	C:\Program Files\Java\jdk1.8.0_31\jre\bin\zip.dll
0x000007feff030000 - 0x000007feffdb8000 	C:\Windows\system32\SHELL32.dll
0x000007fefed70000 - 0x000007fefef73000 	C:\Windows\system32\ole32.dll
0x000007fefd910000 - 0x000007fefd91f000 	C:\Windows\system32\profapi.dll
0x000007feeeaf0000 - 0x000007feeec15000 	C:\Windows\system32\dbghelp.dll

VM Arguments:
jvm_args: -Xmx1024M -Dfile.encoding=windows-1252 -Duser.country=US -Duser.language=en -Duser.variant 
java_command: com.android.dx.command.Main --dex --output O:\ANDROID-DEVELOPMENT\QferizTrafficInfo\app\build\intermediates\pre-dexed\debug\classes-b5d4c011582e43f578aaf24092d0104913981313.jar O:\ANDROID-DEVELOPMENT\QferizTrafficInfo\app\build\intermediates\exploded-aar\com.android.support\appcompat-v7\22.0.0\classes.jar
java_class_path (initial): O:\ADT-ANDROID-DEVTOOLS-25102014\ADT-x86-20140702\sdk\build-tools\22.0.1\lib\dx.jar
Launcher Type: SUN_STANDARD

Environment Variables:
JAVA_HOME=C:\Program Files\Java\jdk1.8.0_31
CLASSPATH=.;C:\PROGRA~2\IBM\SQLLIB\java\db2java.zip;C:\PROGRA~2\IBM\SQLLIB\java\db2jcc.jar;C:\PROGRA~2\IBM\SQLLIB\java\sqlj.zip;C:\PROGRA~2\IBM\SQLLIB\java\db2jcc_license_cu.jar;C:\PROGRA~2\IBM\SQLLIB\bin;C:\PROGRA~2\IBM\SQLLIB\java\common.jar
PATH=C:\ProgramData\Oracle\Java\javapath;E:\Program Files\Embarcadero\RAD Studio\12.0\bin;C:\Users\Public\Documents\RAD Studio\12.0\Bpl;E:\Program Files\Embarcadero\RAD Studio\12.0\bin64;C:\Users\Public\Documents\RAD Studio\12.0\Bpl\Win64;C:\Program Files (x86)\ActiveState Komodo IDE 8\;C:\Program Files (x86)\CollabNet;C:\Windows\system32;C:\Windows;C:\Windows\System32\Wbem;C:\Windows\System32\WindowsPowerShell\v1.0\;C:\Program Files\Broadcom\Broadcom 802.11\Driver;C:\Program Files\WIDCOMM\Bluetooth Software\;C:\Program Files\WIDCOMM\Bluetooth Software\syswow64;C:\PROGRA~2\IBM\SQLLIB\BIN;C:\PROGRA~2\IBM\SQLLIB\FUNCTION;C:\PROGRA~2\IBM\SQLLIB\SAMPLES\REPL
USERNAME=Qferiz
OS=Windows_NT
PROCESSOR_IDENTIFIER=Intel64 Family 6 Model 23 Stepping 10, GenuineIntel



---------------  S Y S T E M  ---------------

OS: Windows 7 , 64 bit Build 7601 Service Pack 1

CPU:total 2 (2 cores per cpu, 1 threads per core) family 6 model 23 stepping 10, cmov, cx8, fxsr, mmx, sse, sse2, sse3, ssse3, sse4.1, tsc

Memory: 4k page, physical 4157396k(705064k free), swap 6252684k(6156k free)

vm_info: Java HotSpot(TM) 64-Bit Server VM (25.31-b07) for windows-amd64 JRE (1.8.0_31-b13), built on Dec 17 2014 21:00:28 by "java_re" with MS VC++ 10.0 (VS2010)

time: Sun Mar 22 03:02:14 2015
elapsed time: 17 seconds (0d 0h 0m 17s)

